('贵州茅台', 2022)
('宁德时代', 1904)
('东方财富', 1275)
('招商银行', 1104)
('隆基股份', 1067)
('五粮液', 994)
('伊利股份', 806)
('泸州老窖', 757)
('药明康德', 756)
('立讯精密', 706)
('美的集团', 680)
('亿纬锂能', 642)
('海康威视', 615)
('宁波银行', 582)
('兴业银行', 537)
('歌尔股份', 523)
('迈瑞医疗', 522)
('比亚迪', 502)
('保利发展', 494)
('阳光电源', 471)
('中国平安', 464)
('韦尔股份', 455)
('海尔智家', 448)
('紫光国微', 439)
('中信证券', 405)
('天齐锂业', 403)
('平安银行', 396)
('山西汾酒', 389)
('华友钴业', 369)
('中国中免', 342)
('北方华创', 340)
('万科A', 319)
('恩捷股份', 315)
('长江电力', 310)
('广发证券', 305)
('万华化学', 299)
('三峡能源', 292)
('兆易创新', 282)
('赣锋锂业', 275)
('凯莱英', 267)
('东方雨虹', 262)
('先导智能', 252)
('中航光电', 245)
('恒生电子', 241)
('紫金矿业', 237)
('福斯特', 236)
('天合光能', 230)
('智飞生物', 228)
('闻泰科技', 226)
('通威股份', 224)
('振华科技', 222)
('天赐材料', 211)
('汇川技术', 210)
('海大集团', 202)
('中天科技', 199)
('晶澳科技', 196)
('华泰证券', 195)
('分众传媒', 192)
('长春高新', 192)
('工商银行', 191)
('金地集团', 190)
('爱尔眼科', 188)
('航发动力', 188)
('国电南瑞', 174)
('赛轮轮胎', 173)
('恒瑞医药', 172)
('片仔癀', 172)
('明泰铝业', 172)
('芒果超媒', 172)
('中环股份', 171)
('泰格医药', 171)
('盐湖股份', 169)
('永兴材料', 166)
('抚顺特钢', 163)
('福耀玻璃', 160)
('顺丰控股', 159)
('杉杉股份', 159)
('中航重机', 159)
('海螺水泥', 157)
('三安光电', 157)
('招商蛇口', 154)
('温氏股份', 154)
('三七互娱', 154)
('洋河股份', 154)
('舍得酒业', 151)
('邮储银行', 150)
('青岛啤酒', 145)
('博腾股份', 144)
('顾家家居', 142)
('九洲药业', 142)
('华域汽车', 141)
('大华股份', 140)
('正泰电器', 139)
('牧原股份', 137)
('北方稀土', 135)
('格力电器', 134)
('中兴通讯', 134)
('浪潮信息', 133)
('晶晨股份', 133)
('宏发股份', 131)
('华鲁恒升', 130)
('中国核电', 128)
('京东方A', 128)
('中国移动', 127)
('晶盛机电', 126)
('中国神华', 124)
('中国建筑', 124)
('三一重工', 123)
('航天电器', 123)
('三环集团', 121)
('璞泰来', 121)
('思瑞浦', 118)
('中航机电', 117)
('欣旺达', 117)
('洽洽食品', 116)
('卓胜微', 116)
('圣邦股份', 115)
('德赛西威', 115)
('古井贡酒', 114)
('东山精密', 113)
('中国电建', 111)
('广联达', 111)
('中国船舶', 110)
('中科创达', 110)
('爱美客', 108)
('迈为股份', 108)
('新宙邦', 106)
('传音控股', 104)
('东方证券', 104)
('安琪酵母', 100)
('卫星化学', 98)
('中航高科', 97)
('星宇股份', 96)
('明阳智能', 95)
('金禾实业', 95)
('法拉电子', 95)
('重庆啤酒', 95)
('旗滨集团', 95)
('鸿路钢构', 95)
('蔚蓝锂芯', 94)
('农业银行', 93)
('中国巨石', 93)
('普洛药业', 93)
('澜起科技', 93)
('伯特利', 92)
('中航西飞', 92)
('建设银行', 90)
('中国电信', 89)
('东阿阿胶', 89)
('华能国际', 87)
('吉比特', 87)
('荣盛石化', 87)
('沃森生物', 87)
('和而泰', 86)
('卫宁健康', 86)
('兴业证券', 85)
('三星医疗', 85)
('陕西煤业', 84)
('德方纳米', 84)
('士兰微', 83)
('同花顺', 83)
('大族激光', 83)
('长川科技', 83)
('杰瑞股份', 82)
('长信科技', 82)
('中国太保', 82)
('韵达股份', 82)
('宝钛股份', 82)
('迎驾贡酒', 82)
('锦江酒店', 82)
('交通银行', 81)
('一心堂', 81)
('中航沈飞', 81)
('深信服', 81)
('鹏鼎控股', 81)
('酒鬼酒', 81)
('东方电缆', 80)
('金域医学', 80)
('华海药业', 79)
('福莱特', 79)
('中直股份', 79)
('中鼎股份', 78)
('当升科技', 78)
('纳思达', 78)
('欧派家居', 77)
('南京银行', 76)
('中国化学', 76)
('伟星新材', 76)
('华东医药', 76)
('容百科技', 76)
('天华超净', 76)
('完美世界', 75)
('火炬电子', 75)
('西部超导', 75)
('用友网络', 75)
('联赢激光', 75)
('中国国航', 74)
('健友股份', 74)
('帝尔激光', 74)
('天顺风能', 73)
('德业股份', 73)
('江苏银行', 72)
('山东药玻', 72)
('菲利华', 72)
('北新建材', 71)
('华工科技', 71)
('广汇能源', 70)
('海天味业', 70)
('今世缘', 70)
('东富龙', 70)
('坚朗五金', 69)
('创业慧康', 69)
('鸿远电子', 69)
('老板电器', 69)
('云南白药', 69)
('康龙化成', 69)
('三花智控', 68)
('大北农', 68)
('江海股份', 68)
('通策医疗', 68)
('石头科技', 67)
('科大讯飞', 67)
('安井食品', 67)
('科沃斯', 66)
('北京君正', 66)
('科达制造', 66)
('联创电子', 65)
('新和成', 65)
('震安科技', 65)
('华测检测', 65)
('拓普集团', 65)
('万泰生物', 64)
('鼎龙股份', 63)
('中科电气', 63)
('中兵红箭', 63)
('圆通速递', 62)
('融捷股份', 62)
('亿联网络', 62)
('时代电气', 62)
('盛新锂能', 62)
('长城汽车', 61)
('欧普康视', 61)
('天奈科技', 60)
('三角防务', 60)
('思源电气', 60)
('亨通光电', 60)
('斯达半导', 60)
('金博股份', 59)
('中芯国际', 59)
('春秋航空', 58)
('国泰君安', 58)
('金山办公', 58)
('恒玄科技', 57)
('锦浪科技', 57)
('华峰测控', 57)
('兖矿能源', 56)
('中远海控', 56)
('宋城演艺', 56)
('顺络电子', 55)
('中微公司', 55)
('大金重工', 54)
('周大生', 54)
('高能环境', 54)
('绝味食品', 54)
('春风动力', 54)
('常熟银行', 53)
('同仁堂', 53)
('桐昆股份', 53)
('中炬高新', 53)
('立昂微', 53)
('宝钢股份', 52)
('浙江鼎力', 52)
('南方航空', 52)
('特变电工', 52)
('瑞芯微', 52)
('普利制药', 52)
('杭州银行', 51)
('新莱应材', 51)
('玲珑轮胎', 51)
('科达利', 51)
('海通证券', 50)
('比音勒芬', 50)
('光线传媒', 50)
('石英股份', 50)
('天宜上佳', 50)
('广宇发展', 49)
('涪陵榨菜', 49)
('景津装备', 49)
('日月股份', 49)
('奥特维', 49)
('钢研高纳', 49)
('固德威', 49)
('潍柴动力', 49)
('光威复材', 49)
('首旅酒店', 48)
('扬农化工', 48)
('山东赫达', 48)
('康泰生物', 48)
('新强联', 48)
('奕瑞科技', 48)
('格林美', 47)
('成都银行', 46)
('双汇发展', 46)
('裕同科技', 46)
('口子窖', 46)
('吉祥航空', 45)
('宏达电子', 45)
('新泉股份', 45)
('宝信软件', 45)
('中颖电子', 45)
('恒立液压', 45)
('兴发集团', 45)
('水井坊', 45)
('扬杰科技', 45)
('中国银行', 44)
('苏试试验', 44)
('百润股份', 44)
('东方盛虹', 44)
('万润股份', 44)
('上汽集团', 44)
('三利谱', 44)
('继峰股份', 44)
('鱼跃医疗', 44)
('南山铝业', 44)
('药石科技', 44)
('大秦铁路', 43)
('柏楚电子', 43)
('晨光股份', 43)
('国投电力', 43)
('广和通', 43)
('久立特材', 42)
('招商证券', 42)
('甬金股份', 42)
('移远通信', 42)
('美迪西', 42)
('楚江新材', 41)
('贝泰妮', 41)
('益丰药房', 41)
('健帆生物', 41)
('中际旭创', 40)
('景旺电子', 40)
('隆平高科', 40)
('中钨高新', 40)
('星源材质', 39)
('朗新科技', 39)
('沪电股份', 39)
('昊华科技', 39)
('风华高科', 39)
('申万宏源', 39)
('贝达药业', 39)
('光大银行', 38)
('运达股份', 38)
('富瀚微', 38)
('海容冷链', 38)
('老百姓', 38)
('新雷能', 38)
('卫士通', 38)
('新城控股', 37)
('民生银行', 37)
('天宇股份', 37)
('兴森科技', 37)
('雅克科技', 37)
('生益科技', 36)
('中密控股', 36)
('江苏神通', 36)
('伟星股份', 35)
('西部矿业', 35)
('南玻A', 35)
('中国能建', 35)
('精测电子', 35)
('济川药业', 34)
('索菲亚', 34)
('福能股份', 34)
('广汽集团', 34)
('华利集团', 34)
('艾华集团', 34)
('锐科激光', 34)
('登海种业', 34)
('健民集团', 33)
('视觉中国', 33)
('广信股份', 33)
('中信特钢', 33)
('恒润股份', 33)
('天康生物', 32)
('中国广核', 32)
('浦发银行', 32)
('洁美科技', 32)
('中矿资源', 32)
('双环传动', 32)
('上海机场', 32)
('水晶光电', 32)
('七一二', 32)
('四维图新', 32)
('白云机场', 32)
('国轩高科', 32)
('润丰股份', 31)
('东软集团', 31)
('长盈精密', 31)
('博雅生物', 31)
('雅化集团', 31)
('太阳纸业', 30)
('珀莱雅', 30)
('宝丰能源', 30)
('中国中铁', 30)
('华润三九', 30)
('川投能源', 30)
('志特新材', 30)
('中国交建', 30)
('横店东磁', 30)
('巨星科技', 30)
('华新水泥', 30)
('人福医药', 30)
('石基信息', 30)
('伟明环保', 30)
('诺唯赞', 30)
('新宝股份', 30)
('昭衍新药', 30)
('中材科技', 30)
('青鸟消防', 30)
('嘉元科技', 30)
('华测导航', 30)
('道通科技', 30)
('华菱钢铁', 29)
('招商轮船', 29)
('科顺股份', 29)
('台华新材', 29)
('新洋丰', 29)
('天孚通信', 29)
('天融信', 29)
('中国铝业', 29)
('东材科技', 29)
('中集集团', 29)
('永太科技', 29)
('兴齐眼药', 29)
('恒力石化', 28)
('中航电子', 28)
('金雷股份', 28)
('山东黄金', 28)
('万里扬', 28)
('诺德股份', 28)
('京沪高铁', 28)
('四川路桥', 28)
('双星新材', 28)
('皇马科技', 28)
('芯源微', 28)
('新洁能', 28)
('喜临门', 27)
('赤峰黄金', 27)
('九号公司', 27)
('三六零', 27)
('楚天科技', 27)
('航发控制', 27)
('国瓷材料', 27)
('千禾味业', 27)
('拓邦股份', 27)
('蓝色光标', 27)
('合盛硅业', 27)
('鲁西化工', 27)
('苏泊尔', 26)
('司太立', 26)
('赛意信息', 26)
('再升科技', 26)
('华致酒行', 26)
('壹石通', 26)
('中国宝安', 26)
('杭氧股份', 26)
('深南电路', 26)
('华阳集团', 26)
('复星医药', 26)
('芯原股份', 26)
('海优新材', 26)
('华侨城A', 25)
('宁沪高速', 25)
('美锦能源', 25)
('林洋能源', 25)
('苏博特', 25)
('捷佳伟创', 25)
('新希望', 25)
('中牧股份', 25)
('仙鹤股份', 25)
('乐鑫科技', 25)
('东诚药业', 25)
('安集科技', 25)
('神火股份', 25)
('佰仁医疗', 25)
('康德莱', 25)
('国际医学', 25)
('爱博医疗', 25)
('意华股份', 25)
('华电国际', 24)
('中国石化', 24)
('上海银行', 24)
('瀚蓝环境', 24)
('长电科技', 24)
('圣农发展', 24)
('万业企业', 24)
('极米科技', 24)
('中信博', 24)
('景嘉微', 24)
('海泰新光', 24)
('国联股份', 24)
('汤臣倍健', 23)
('洛阳钼业', 23)
('创世纪', 23)
('华铁应急', 23)
('国网信通', 23)
('妙可蓝多', 23)
('晶方科技', 23)
('开立医疗', 23)
('科锐国际', 23)
('西子洁能', 23)
('精达股份', 23)
('南微医学', 23)
('安恒信息', 23)
('盈趣科技', 22)
('大参林', 22)
('浙富控股', 22)
('视源股份', 22)
('中国东航', 22)
('爱柯迪', 22)
('浙江医药', 22)
('睿创微纳', 22)
('电连技术', 22)
('利君股份', 22)
('龙蟠科技', 22)
('芯海科技', 22)
('航天彩虹', 22)
('西藏珠峰', 22)
('密尔克卫', 22)
('聚光科技', 22)
('三棵树', 21)
('招商积余', 21)
('新凤鸣', 21)
('广大特材', 21)
('银泰黄金', 21)
('爱乐达', 21)
('TCL科技', 21)
('龙佰集团', 21)
('远兴能源', 21)
('星期六', 21)
('迪安诊断', 21)
('湘电股份', 21)
('志邦家居', 20)
('厦门象屿', 20)
('盾安环境', 20)
('海信视像', 20)
('中国联通', 20)
('新华医疗', 20)
('鹏辉能源', 20)
('均胜电子', 20)
('久远银海', 20)
('华恒生物', 20)
('金力永磁', 20)
('天铁股份', 20)
('键凯科技', 20)
('惠泰医疗', 20)
('中新药业', 20)
('建龙微纳', 20)
('金风科技', 20)
('公牛集团', 20)
('启明星辰', 20)
('斯迪克', 20)
('国信证券', 20)
('仙琚制药', 20)
('劲嘉股份', 20)
('北摩高科', 20)
('上海医药', 19)
('傲农生物', 19)
('盛美上海', 19)
('电投能源', 19)
('羚锐制药', 19)
('弘亚数控', 19)
('浙江自然', 19)
('晶科科技', 19)
('桃李面包', 19)
('海利得', 19)
('中简科技', 19)
('许继电气', 19)
('长城证券', 19)
('甘源食品', 19)
('华伍股份', 19)
('杭可科技', 19)
('西藏矿业', 19)
('航天宏图', 19)
('金科股份', 18)
('容知日新', 18)
('海信家电', 18)
('中国铁建', 18)
('吉林敖东', 18)
('新易盛', 18)
('东方日升', 18)
('力星股份', 18)
('方大炭素', 18)
('东鹏饮料', 18)
('云铝股份', 18)
('捷昌驱动', 18)
('泰和新材', 18)
('蓝思科技', 18)
('天坛生物', 18)
('亚太股份', 18)
('上海电力', 18)
('心脉医疗', 18)
('汉威科技', 18)
('英维克', 18)
('东方明珠', 18)
('致远互联', 18)
('苏州银行', 17)
('潞安环能', 17)
('良信股份', 17)
('立高食品', 17)
('永创智能', 17)
('振德医疗', 17)
('锡业股份', 17)
('蓝晓科技', 17)
('上海建工', 17)
('丽珠集团', 17)
('长安汽车', 17)
('杰克股份', 17)
('方大特钢', 17)
('健康元', 17)
('三全食品', 17)
('中信建投', 17)
('宇信科技', 17)
('科博达', 17)
('应流股份', 17)
('长阳科技', 17)
('长江证券', 16)
('唐人神', 16)
('昆仑万维', 16)
('永泰能源', 16)
('常熟汽饰', 16)
('洪城环境', 16)
('中国石油', 16)
('华策影视', 16)
('金诚信', 16)
('中际联合', 16)
('浙商证券', 16)
('中国中车', 16)
('华能水电', 16)
('紫光股份', 16)
('盈康生命', 16)
('华贸物流', 16)
('新奥股份', 16)
('银轮股份', 16)
('华夏航空', 16)
('汉钟精机', 16)
('中伟股份', 16)
('沧州明珠', 16)
('江特电机', 16)
('海尔生物', 16)
('平煤股份', 15)
('建发股份', 15)
('华阳股份', 15)
('浙能电力', 15)
('中国人寿', 15)
('汇顶科技', 15)
('以岭药业', 15)
('鲁阳节能', 15)
('奥翔药业', 15)
('宏川智慧', 15)
('至纯科技', 15)
('西菱动力', 15)
('海利尔', 15)
('胜宏科技', 15)
('富安娜', 15)
('力合科技', 15)
('九典制药', 15)
('华荣股份', 15)
('上声电子', 15)
('宁波华翔', 15)
('金宏气体', 15)
('泛微网络', 15)
('华锦股份', 15)
('我武生物', 15)
('凌霄泵业', 15)
('太极集团', 15)
('通富微电', 15)
('仁和药业', 15)
('泰林生物', 15)
('拱东医疗', 15)
('浙江龙盛', 14)
('华发股份', 14)
('内蒙华电', 14)
('苏农银行', 14)
('亿田智能', 14)
('迪阿股份', 14)
('永冠新材', 14)
('中国汽研', 14)
('川能动力', 14)
('乐普医疗', 14)
('博实股份', 14)
('湘佳股份', 14)
('盛和资源', 14)
('铜陵有色', 14)
('中孚信息', 14)
('世运电路', 14)
('美格智能', 14)
('四川双马', 14)
('藏格矿业', 14)
('凯赛生物', 14)
('世纪华通', 14)
('左江科技', 14)
('康希诺', 14)
('富临精工', 14)
('新大正', 13)
('上港集团', 13)
('荃银高科', 13)
('彤程新材', 13)
('张家港行', 13)
('寿仙谷', 13)
('乐惠国际', 13)
('贵研铂业', 13)
('长城科技', 13)
('联化科技', 13)
('中材国际', 13)
('迪威尔', 13)
('埃斯顿', 13)
('天通股份', 13)
('中科三环', 13)
('欧陆通', 13)
('铜峰电子', 13)
('天士力', 13)
('高德红外', 13)
('博敏电子', 13)
('东方通', 13)
('晶丰明源', 13)
('芯能科技', 13)
('利元亨', 13)
('四方光电', 13)
('绿的谐波', 13)
('东吴证券', 13)
('安克创新', 13)
('麦捷科技', 13)
('美畅股份', 13)
('江淮汽车', 13)
('中文传媒', 13)
('嘉必优', 13)
('小康股份', 13)
('山西焦煤', 12)
('永安期货', 12)
('威博液压', 12)
('深圳机场', 12)
('明新旭腾', 12)
('五洲特纸', 12)
('威孚高科', 12)
('兆威机电', 12)
('中金黄金', 12)
('江丰电子', 12)
('宇通客车', 12)
('梅花生物', 12)
('新华保险', 12)
('生物股份', 12)
('老凤祥', 12)
('佳电股份', 12)
('文灿股份', 12)
('盛屯矿业', 12)
('东南网架', 12)
('永新光学', 12)
('上海家化', 12)
('立中集团', 12)
('石大胜华', 12)
('报喜鸟', 12)
('曲美家居', 12)
('平治信息', 12)
('家家悦', 12)
('博迁新材', 12)
('康华生物', 12)
('皓元医药', 12)
('三峡水利', 12)
('泰坦科技', 12)
('粤电力A', 12)
('共达电声', 12)
('元祖股份', 11)
('绿地控股', 11)
('新北洋', 11)
('海目星', 11)
('复旦微电', 11)
('瑞普生物', 11)
('聚合顺', 11)
('徐工机械', 11)
('芯朋微', 11)
('派能科技', 11)
('百普赛斯', 11)
('中国外运', 11)
('海亮股份', 11)
('安旭生物', 11)
('沪硅产业', 11)
('森麒麟', 11)
('长盛轴承', 11)
('上机数控', 11)
('盈峰环境', 11)
('瑞纳智能', 11)
('天马科技', 11)
('吉电股份', 11)
('宇瞳光学', 11)
('鑫铂股份', 11)
('三美股份', 11)
('冀东水泥', 11)
('伟思医疗', 11)
('华润微', 11)
('立华股份', 11)
('岱美股份', 11)
('中国长城', 11)
('太钢不锈', 11)
('通化东宝', 11)
('崇达技术', 11)
('中海油服', 10)
('苏奥传感', 10)
('隆华科技', 10)
('润建股份', 10)
('东方电气', 10)
('木林森', 10)
('威胜信息', 10)
('中信银行', 10)
('上峰水泥', 10)
('洁特生物', 10)
('禾望电气', 10)
('麦格米特', 10)
('中国重工', 10)
('川仪股份', 10)
('英杰电气', 10)
('炬光科技', 10)
('鸣志电器', 10)
('东阳光', 10)
('鸿利智汇', 10)
('华熙生物', 10)
('海达股份', 10)
('润邦股份', 10)
('精功科技', 10)
('中国重汽', 10)
('虹软科技', 10)
('君实生物', 10)
('华大基因', 10)
('健之佳', 10)
('德赛电池', 10)
('国科微', 10)
('集友股份', 10)
('捷顺科技', 10)
('晋控煤业', 9)
('怡合达', 9)
('金能科技', 9)
('欣锐科技', 9)
('精研科技', 9)
('齐翔腾达', 9)
('昆药集团', 9)
('光明乳业', 9)
('中宠股份', 9)
('回天新材', 9)
('宏华数科', 9)
('泉峰汽车', 9)
('芳源股份', 9)
('天奇股份', 9)
('养元饮品', 9)
('捷捷微电', 9)
('大全能源', 9)
('博威合金', 9)
('光环新网', 9)
('亚厦股份', 9)
('新产业', 9)
('光峰科技', 9)
('华峰铝业', 9)
('万达电影', 9)
('卧龙电驱', 9)
('航天发展', 9)
('华天科技', 9)
('新益昌', 9)
('兴蓉环境', 9)
('美诺华', 9)
('神工股份', 9)
('首创环保', 9)
('河钢股份', 9)
('安利股份', 9)
('亚太科技', 9)
('文山电力', 9)
('天能重工', 9)
('燕京啤酒', 9)
('天邦股份', 9)
('中青旅', 9)
('润达医疗', 9)
('中航电测', 9)
('新兴铸管', 9)
('中旗股份', 9)
('东华能源', 9)
('厦门钨业', 9)
('翔宇医疗', 9)
('包钢股份', 9)
('艾为电子', 9)
('普利特', 9)
('英科医疗', 9)
('圣泉集团', 9)
('爱旭股份', 9)
('安路科技', 9)
('上海临港', 8)
('顺鑫农业', 8)
('骆驼股份', 8)
('中闽能源', 8)
('招商公路', 8)
('火星人', 8)
('青农商行', 8)
('利尔化学', 8)
('东方电子', 8)
('煜邦电力', 8)
('粤高速A', 8)
('伊之密', 8)
('上海沪工', 8)
('亚钾国际', 8)
('铂科新材', 8)
('森特股份', 8)
('塔牌集团', 8)
('美年健康', 8)
('广深铁路', 8)
('神马股份', 8)
('潮宏基', 8)
('炬华科技', 8)
('纽威股份', 8)
('华中数控', 8)
('雅戈尔', 8)
('海澜之家', 8)
('新锐股份', 8)
('稳健医疗', 8)
('海星股份', 8)
('正邦科技', 8)
('福达股份', 8)
('迪普科技', 8)
('广誉远', 8)
('洪都航空', 8)
('豪迈科技', 8)
('金龙鱼', 8)
('海天精工', 8)
('三诺生物', 8)
('图南股份', 8)
('鲍斯股份', 8)
('佐力药业', 8)
('光力科技', 8)
('天奥电子', 8)
('科思股份', 8)
('能科科技', 8)
('建设机械', 8)
('浙江美大', 8)
('中国电研', 8)
('海陆重工', 8)
('大亚圣象', 8)
('杰普特', 8)
('八方股份', 8)
('隆盛科技', 8)
('巨星农牧', 8)
('香山股份', 8)
('航宇科技', 8)
('星网锐捷', 8)
('科华数据', 8)
('四川长虹', 8)
('亿帆医药', 8)
('奥士康', 8)
('昌红科技', 8)
('冰轮环境', 8)
('激智科技', 8)
('江苏新能', 8)
('大唐发电', 7)
('千金药业', 7)
('安徽建工', 7)
('李子园', 7)
('浙商中拓', 7)
('白云山', 7)
('科伦药业', 7)
('广州酒家', 7)
('山东路桥', 7)
('恩华药业', 7)
('中国核建', 7)
('帅丰电器', 7)
('北京银行', 7)
('九州通', 7)
('内蒙一机', 7)
('伊力特', 7)
('晶瑞电材', 7)
('克来机电', 7)
('国机精工', 7)
('工业富联', 7)
('佳禾智能', 7)
('振华新材', 7)
('苏文电能', 7)
('千味央厨', 7)
('新钢股份', 7)
('新媒股份', 7)
('隆利科技', 7)
('奥瑞金', 7)
('南钢股份', 7)
('江中药业', 7)
('露笑科技', 7)
('恺英网络', 7)
('航发科技', 7)
('敏芯股份', 7)
('高测股份', 7)
('贝斯特', 7)
('英科再生', 7)
('久祺股份', 7)
('垒知集团', 7)
('航民股份', 7)
('凯美特气', 7)
('光库科技', 7)
('联泓新科', 7)
('兔宝宝', 7)
('神驰机电', 7)
('奥飞数据', 7)
('天山铝业', 7)
('云图控股', 7)
('天山股份', 7)
('中控技术', 7)
('浙文互联', 7)
('国金证券', 7)
('海晨股份', 7)
('西部材料', 7)
('中谷物流', 7)
('泰晶科技', 7)
('佳都科技', 7)
('巨化股份', 7)
('中粮工科', 7)
('振江股份', 7)
('超图软件', 7)
('多氟多', 7)
('华特气体', 7)
('信立泰', 7)
('斯莱克', 7)
('联瑞新材', 7)
('智明达', 7)
('阿尔特', 7)
('华自科技', 7)
('中再资环', 6)
('国电电力', 6)
('新华制药', 6)
('厦钨新能', 6)
('和达科技', 6)
('赛腾股份', 6)
('交控科技', 6)
('三钢闽光', 6)
('博拓生物', 6)
('安车检测', 6)
('禾迈股份', 6)
('湖南黄金', 6)
('百济神州', 6)
('力合微', 6)
('劲拓股份', 6)
('亨迪药业', 6)
('长江材料', 6)
('香飘飘', 6)
('珠海冠宇', 6)
('有研新材', 6)
('正帆科技', 6)
('国光电器', 6)
('华峰化学', 6)
('中曼石油', 6)
('华设集团', 6)
('中来股份', 6)
('华夏银行', 6)
('江铃汽车', 6)
('承德露露', 6)
('威高骨科', 6)
('易德龙', 6)
('海源复材', 6)
('日发精机', 6)
('红日药业', 6)
('国光电气', 6)
('凤凰传媒', 6)
('快克股份', 6)
('东航物流', 6)
('盛达资源', 6)
('奇安信', 6)
('元利科技', 6)
('博汇纸业', 6)
('桂林三金', 6)
('老白干酒', 6)
('大洋电机', 6)
('当虹科技', 6)
('华宏科技', 6)
('松原股份', 6)
('柯力传感', 6)
('中远海发', 6)
('沃特股份', 6)
('山东海化', 6)
('亿华通', 6)
('金刚玻璃', 6)
('鼎通科技', 6)
('川恒股份', 6)
('万向德农', 6)
('苏垦农发', 6)
('移为通信', 6)
('卓然股份', 6)
('信邦制药', 6)
('数字政通', 6)
('松霖科技', 6)
('旭升股份', 6)
('博瑞医药', 6)
('雷赛智能', 6)
('菱电电控', 6)
('申昊科技', 6)
('振芯科技', 6)
('华数传媒', 6)
('百诚医药', 6)
('龙元建设', 6)
('日辰股份', 6)
('国安达', 6)
('霍莱沃', 6)
('四方股份', 6)
('东方生物', 6)
('光弘科技', 6)
('巨人网络', 6)
('麒盛科技', 6)
('新大陆', 6)
('艾德生物', 6)
('南亚新材', 6)
('三人行', 6)
('亚威股份', 6)
('金杯电工', 6)
('硅宝科技', 6)
('时代新材', 6)
('武商集团', 5)
('汇通集团', 5)
('天壕环境', 5)
('国药一致', 5)
('崧盛股份', 5)
('中国软件', 5)
('长鹰信质', 5)
('鼎阳科技', 5)
('海天瑞声', 5)
('雷电微力', 5)
('弘信电子', 5)
('内蒙新华', 5)
('马应龙', 5)
('百克生物', 5)
('好想你', 5)
('滨化股份', 5)
('爱玛科技', 5)
('仙坛股份', 5)
('中国中冶', 5)
('天润工业', 5)
('安科生物', 5)
('飞凯材料', 5)
('苏大维格', 5)
('怡球资源', 5)
('艾迪精密', 5)
('安科瑞', 5)
('郑煤机', 5)
('传化智联', 5)
('派克新材', 5)
('中公教育', 5)
('上海瀚讯', 5)
('深高速', 5)
('中铁工业', 5)
('同和药业', 5)
('三友化工', 5)
('马钢股份', 5)
('星帅尔', 5)
('大东方', 5)
('瑞可达', 5)
('中科通达', 5)
('亿嘉和', 5)
('梦百合', 5)
('安图生物', 5)
('威海广泰', 5)
('五洲新春', 5)
('长缆科技', 5)
('佳士科技', 5)
('山石网科', 5)
('联创股份', 5)
('力量钻石', 5)
('乐歌股份', 5)
('科瑞技术', 5)
('国力股份', 5)
('海利生物', 5)
('牧高笛', 5)
('罗莱生活', 5)
('山东威达', 5)
('中金公司', 5)
('中盐化工', 5)
('普莱柯', 5)
('云路股份', 5)
('陕西建工', 5)
('金牌厨柜', 5)
('小熊电器', 5)
('国星光电', 5)
('中粮科技', 5)
('金洲管道', 5)
('中铁装配', 5)
('瑞丰新材', 5)
('宝通科技', 5)
('申能股份', 5)
('重庆钢铁', 5)
('中科曙光', 5)
('宝钢包装', 5)
('振华股份', 5)
('和胜股份', 5)
('阿拉丁', 5)
('新国脉', 5)
('玉禾田', 5)
('鲁商发展', 5)
('碧水源', 5)
('洛阳玻璃', 5)
('长亮科技', 5)
('金辰股份', 5)
('映翰通', 5)
('科威尔', 5)
('中科星图', 5)
('国茂股份', 5)
('奥克股份', 5)
('艾可蓝', 5)
('高澜股份', 5)
('金迪克', 4)
('未来股份', 4)
('中煤能源', 4)
('恒实科技', 4)
('晨光生物', 4)
('悦安新材', 4)
('江山欧派', 4)
('烽火通信', 4)
('中国国贸', 4)
('中望软件', 4)
('中科微至', 4)
('开山股份', 4)
('淮北矿业', 4)
('仙乐健康', 4)
('新乳业', 4)
('长海股份', 4)
('光大证券', 4)
('今天国际', 4)
('国药股份', 4)
('盟升电子', 4)
('良品铺子', 4)
('华润双鹤', 4)
('山东钢铁', 4)
('正海磁材', 4)
('维力医疗', 4)
('天智航', 4)
('博迈科', 4)
('创维数字', 4)
('金开新能', 4)
('博思软件', 4)
('四方达', 4)
('中国通号', 4)
('东方电热', 4)
('春光科技', 4)
('北方导航', 4)
('中国人保', 4)
('道道全', 4)
('美亚光电', 4)
('上能电气', 4)
('三元股份', 4)
('裕兴股份', 4)
('赞宇科技', 4)
('紫江企业', 4)
('森马服饰', 4)
('金隅集团', 4)
('亚泰集团', 4)
('亚星锚链', 4)
('上海沿浦', 4)
('青岛银行', 4)
('金钟股份', 4)
('中国电影', 4)
('精工钢构', 4)
('百隆东方', 4)
('锦泓集团', 4)
('黔源电力', 4)
('雄韬股份', 4)
('全信股份', 4)
('中联重科', 4)
('陕鼓动力', 4)
('嘉化能源', 4)
('风语筑', 4)
('兰花科创', 4)
('凯盛新材', 4)
('东珠生态', 4)
('国光股份', 4)
('中国银河', 4)
('金证股份', 4)
('迈克生物', 4)
('攀钢钒钛', 4)
('九强生物', 4)
('可孚医疗', 4)
('鄂尔多斯', 4)
('节能风电', 4)
('国联证券', 4)
('江西铜业', 4)
('同兴达', 4)
('松井股份', 4)
('清新环境', 4)
('三聚环保', 4)
('中国天楹', 4)
('福龙马', 4)
('兴源环境', 4)
('倍轻松', 4)
('春秋电子', 4)
('东北证券', 4)
('中自科技', 4)
('物产中大', 4)
('京北方', 4)
('宏微科技', 4)
('*ST德新', 4)
('新安股份', 4)
('中泰证券', 4)
('金钼股份', 4)
('方正证券', 4)
('惠达卫浴', 4)
('四会富仕', 4)
('蒙草生态', 4)
('奥海科技', 4)
('阳光诺和', 4)
('鼎捷软件', 4)
('锋尚文化', 4)
('广晟有色', 4)
('寒武纪', 4)
('东华科技', 4)
('诺泰生物', 4)
('全志科技', 4)
('数码视讯', 4)
('中核钛白', 4)
('广东宏大', 4)
('蓝特光学', 4)
('华软科技', 4)
('中国海诚', 3)
('京能电力', 3)
('中南传媒', 3)
('北大荒', 3)
('派林生物', 3)
('卓锦股份', 3)
('滨江集团', 3)
('鼎胜新材', 3)
('赢合科技', 3)
('特一药业', 3)
('国芯科技', 3)
('西藏城投', 3)
('万孚生物', 3)
('中国西电', 3)
('华宝股份', 3)
('醋化股份', 3)
('义翘神州', 3)
('南都电源', 3)
('九丰能源', 3)
('泰慕士', 3)
('索通发展', 3)
('三特索道', 3)
('地素时尚', 3)
('浙江仙通', 3)
('杭叉集团', 3)
('辽宁成大', 3)
('唯赛勃', 3)
('东华软件', 3)
('海油工程', 3)
('科德数控', 3)
('泛亚微透', 3)
('粤水电', 3)
('山鹰国际', 3)
('保龄宝', 3)
('润阳科技', 3)
('宏力达', 3)
('汇洁股份', 3)
('保隆科技', 3)
('华阳国际', 3)
('万讯自控', 3)
('孚能科技', 3)
('横店影视', 3)
('富煌钢构', 3)
('新天药业', 3)
('爱普股份', 3)
('渝农商行', 3)
('古越龙山', 3)
('嘉事堂', 3)
('金城医药', 3)
('第一创业', 3)
('华翔股份', 3)
('湘油泵', 3)
('壹网壹创', 3)
('欢瑞世纪', 3)
('中钢天源', 3)
('东方铁塔', 3)
('龙软科技', 3)
('民德电子', 3)
('首钢股份', 3)
('仲景食品', 3)
('新经典', 3)
('航亚科技', 3)
('飞科电器', 3)
('北汽蓝谷', 3)
('诺禾致源', 3)
('洲明科技', 3)
('华仁药业', 3)
('龙磁科技', 3)
('达安基因', 3)
('万兴科技', 3)
('睿智医药', 3)
('和邦生物', 3)
('中体产业', 3)
('海格通信', 3)
('天际股份', 3)
('九阳股份', 3)
('益生股份', 3)
('辉隆股份', 3)
('云海金属', 3)
('大东南', 3)
('福田汽车', 3)
('先惠技术', 3)
('濮阳惠成', 3)
('三友医疗', 3)
('广电运通', 3)
('绿盟科技', 3)
('恒顺醋业', 3)
('中航产融', 3)
('神州信息', 3)
('中信重工', 3)
('盛通股份', 3)
('惠伦晶体', 3)
('中原环保', 3)
('瑞达期货', 3)
('瑞华泰', 3)
('中船防务', 3)
('新兴装备', 3)
('奥福环保', 3)
('中船科技', 3)
('金圆股份', 3)
('宝兰德', 3)
('中国海防', 3)
('莱伯泰科', 3)
('航锦科技', 3)
('拉卡拉', 3)
('上海贝岭', 3)
('川环科技', 3)
('湖北宜化', 3)
('江苏国泰', 3)
('五矿稀土', 3)
('黑猫股份', 3)
('中南建设', 2)
('加加食品', 2)
('荣盛发展', 2)
('中环环保', 2)
('天健集团', 2)
('山东高速', 2)
('溢多利', 2)
('纽威数控', 2)
('东鹏控股', 2)
('贵州轮胎', 2)
('明志科技', 2)
('赛伍技术', 2)
('优宁维', 2)
('光庭信息', 2)
('风光股份', 2)
('东方通信', 2)
('安迪苏', 2)
('扬电科技', 2)
('唐山港', 2)
('阳光照明', 2)
('吉鑫科技', 2)
('靖远煤电', 2)
('上海能源', 2)
('新集能源', 2)
('辽宁能源', 2)
('云南铜业', 2)
('一汽富维', 2)
('中信出版', 2)
('重庆百货', 2)
('赛微电子', 2)
('物产环能', 2)
('华塑股份', 2)
('陆家嘴', 2)
('南都物业', 2)
('格力地产', 2)
('城投控股', 2)
('锦和商业', 2)
('新湖中宝', 2)
('昊华能源', 2)
('博彦科技', 2)
('无锡银行', 2)
('国风新材', 2)
('有友食品', 2)
('浦东金桥', 2)
('江苏租赁', 2)
('君亭酒店', 2)
('海兰信', 2)
('三星新材', 2)
('远东股份', 2)
('华旺科技', 2)
('值得买', 2)
('煌上煌', 2)
('罗牛山', 2)
('安靠智电', 2)
('北部湾港', 2)
('会稽山', 2)
('华帝股份', 2)
('诺力股份', 2)
('信濠光电', 2)
('特锐德', 2)
('威尔药业', 2)
('柳药股份', 2)
('中瓷电子', 2)
('金达威', 2)
('翔丰华', 2)
('天目湖', 2)
('利民股份', 2)
('威腾电气', 2)
('吉林化纤', 2)
('四创电子', 2)
('软控股份', 2)
('博晖创新', 2)
('鹏都农牧', 2)
('华锐精密', 2)
('威唐工业', 2)
('仕净科技', 2)
('奥康国际', 2)
('嵘泰股份', 2)
('盛航股份', 2)
('上海谊众', 2)
('中亚股份', 2)
('华正新材', 2)
('新日股份', 2)
('华联控股', 2)
('首开股份', 2)
('佩蒂股份', 2)
('汉得信息', 2)
('佳讯飞鸿', 2)
('柳工', 2)
('合兴包装', 2)
('先河环保', 2)
('东方精工', 2)
('浙江交科', 2)
('嘉欣丝绸', 2)
('龙净环保', 2)
('设研院', 2)
('新疆天业', 2)
('浩欧博', 2)
('福立旺', 2)
('皖仪科技', 2)
('合诚股份', 2)
('奥锐特', 2)
('重庆水务', 2)
('厦门银行', 2)
('江阴银行', 2)
('郑州银行', 2)
('帝科股份', 2)
('五洲交通', 2)
('皖通高速', 2)
('长高集团', 2)
('南侨食品', 2)
('广州发展', 2)
('荣泰健康', 2)
('鸥玛软件', 2)
('星云股份', 2)
('众信旅游', 2)
('电气风电', 2)
('广汇汽车', 2)
('海南橡胶', 2)
('新余国科', 2)
('双箭股份', 2)
('鼎信通讯', 2)
('伟创电气', 2)
('中金环境', 2)
('四方科技', 2)
('津滨发展', 2)
('银龙股份', 2)
('韩建河山', 2)
('创业环保', 2)
('泰达股份', 2)
('五矿资本', 2)
('宝泰隆', 2)
('西部黄金', 2)
('恒邦股份', 2)
('福瑞股份', 2)
('华星创业', 2)
('世纪天鸿', 2)
('万润科技', 2)
('诺普信', 2)
('天威视讯', 2)
('烽火电子', 2)
('阳光城', 2)
('星球石墨', 2)
('鸿合科技', 2)
('新乡化纤', 2)
('友讯达', 2)
('农发种业', 2)
('安徽合力', 2)
('新华网', 2)
('瑞联新材', 2)
('南方传媒', 2)
('亚士创能', 2)
('国投资本', 2)
('平高电气', 2)
('凯中精密', 2)
('丰元股份', 2)
('国元证券', 2)
('晋亿实业', 2)
('南兴股份', 2)
('宝新能源', 2)
('雪天盐业', 2)
('闰土股份', 2)
('白银有色', 2)
('驰宏锌锗', 2)
('彩虹股份', 2)
('康弘药业', 2)
('黄河旋风', 2)
('金石资源', 2)
('南极电商', 2)
('海南发展', 2)
('天润乳业', 2)
('谱尼测试', 2)
('豪悦护理', 2)
('中天火箭', 2)
('首都在线', 2)
('捷安高科', 2)
('健盛集团', 2)
('浩洋股份', 2)
('硕贝德', 2)
('吉视传媒', 2)
('四方精创', 2)
('当代文体', 2)
('百洋股份', 2)
('铁流股份', 2)
('安博通', 2)
('天味食品', 2)
('江苏有线', 2)
('天地科技', 2)
('欧林生物', 2)
('尚品宅配', 2)
('中国卫通', 2)
('爱施德', 2)
('瀚川智能', 2)
('通裕重工', 2)
('山东玻纤', 2)
('华西证券', 2)
('川发龙蟒', 2)
('晶雪节能', 2)
('博俊科技', 2)
('江天化学', 2)
('中原传媒', 2)
('豫园股份', 2)
('安宁股份', 2)
('海德股份', 2)
('健麾信息', 2)
('招标股份', 2)
('巴比食品', 2)
('华安证券', 2)
('掌趣科技', 2)
('游族网络', 2)
('泰豪科技', 2)
('大豪科技', 2)
('广电计量', 2)
('王府井', 2)
('华昌化工', 2)
('中金岭南', 2)
('海立股份', 2)
('奥佳华', 2)
('大悦城', 2)
('人民网', 2)
('浙数文化', 2)
('银河磁体', 2)
('华微电子', 2)
('大连重工', 2)
('亚盛集团', 2)
('顶点软件', 2)
('鸿达兴业', 2)
('山河药辅', 2)
('姚记科技', 2)
('成大生物', 2)
('大博医疗', 2)
('丸美股份', 2)
('国机通用', 2)
('曙光股份', 2)
('兆日科技', 2)
('华北制药', 2)
('光韵达', 2)
('康斯特', 2)
('豪能股份', 2)
('兴瑞科技', 2)
('环旭电子', 2)
('国盛金控', 2)
('华谊集团', 2)
('小商品城', 2)
('海融科技', 2)
('海正药业', 2)
('财通证券', 2)
('南京证券', 2)
('卓越新能', 2)
('旗天科技', 2)
('聚辰股份', 2)
('太极股份', 2)
('淳中科技', 2)
('中新赛克', 2)
('宁波韵升', 2)
('江化微', 2)
('光启技术', 2)
('博硕科技', 2)
('蒙娜丽莎', 2)
('国新健康', 2)
('思创医惠', 2)
('国民技术', 2)
('中源协和', 2)
('基蛋生物', 2)
('怡亚通', 2)
('英搏尔', 2)
('依顿电子', 2)
('昊海生科', 2)
('辰安科技', 2)
('深圳华强', 2)
('中国动力', 2)
('华兰生物', 2)
('中钢国际', 2)
('东方时尚', 2)
('华扬联众', 2)
('三祥新材', 2)
('中红医疗', 2)
('正弦电气', 2)
('格林精密', 2)
('芯碁微装', 2)
('电魂网络', 2)
('金固股份', 2)
('欧比特', 2)
('海力风电', 2)
('中集车辆', 2)
('雅创电子', 2)
('通灵股份', 2)
('信安世纪', 2)
('财富趋势', 2)
('盛视科技', 2)
('三联虹普', 2)
('博通集成', 2)
('康泰医学', 2)
('维宏股份', 2)
('金发科技', 2)
('成都先导', 2)
('凌云股份', 2)
('金沃股份', 2)
('百川股份', 2)
('万东医疗', 2)
('创兴资源', 2)
('京运通', 2)
('云天化', 2)
('思进智能', 2)
('元隆雅图', 2)
('德昌股份', 2)
('岳阳林纸', 2)
('光迅科技', 2)
('宝胜股份', 2)
('粤万年青', 2)
('天源环保', 2)
('喜悦智行', 2)
('泽宇智能', 2)
('家联科技', 2)
('庞大集团', 2)
('力帆科技', 2)
('凯撒文化', 2)
('华统股份', 2)
('华林证券', 2)
('工大高科', 2)
('致远新能', 2)
('新风光', 2)
('浙版传媒', 2)
('南京医药', 1)
('恒基达鑫', 1)
('珠江钢琴', 1)
('国统股份', 1)
('泰尔股份', 1)
('浙江建投', 1)
('金逸影视', 1)
('吉林高速', 1)
('人民同泰', 1)
('凯因科技', 1)
('海天股份', 1)
('长龄液压', 1)
('同力日升', 1)
('普联软件', 1)
('鞍钢股份', 1)
('青岛双星', 1)
('长远锂科', 1)
('西力科技', 1)
('天风证券', 1)
('福建高速', 1)
('三峰环境', 1)
('中装建设', 1)
('普冉股份', 1)
('深圳能源', 1)
('纳微科技', 1)
('亚宝药业', 1)
('亚虹医药', 1)
('万和电气', 1)
('威星智能', 1)
('杭齿前进', 1)
('华依科技', 1)
('英飞特', 1)
('中粮糖业', 1)
('智洋创新', 1)
('昀冢科技', 1)
('隧道股份', 1)
('鲁泰A', 1)
('依依股份', 1)
('冀中能源', 1)
('建投能源', 1)
('中远海能', 1)
('歌华有线', 1)
('京泉华', 1)
('华亚智能', 1)
('浙农股份', 1)
('峨眉山A', 1)
('开润股份', 1)
('厦门国贸', 1)
('深赛格', 1)
('富奥股份', 1)
('禾丰股份', 1)
('凯尔达', 1)
('运达科技', 1)
('三德科技', 1)
('三夫户外', 1)
('广东鸿图', 1)
('尖峰集团', 1)
('众业达', 1)
('凯撒旅业', 1)
('蓝焰控股', 1)
('泽达易盛', 1)
('悦康药业', 1)
('康缘药业', 1)
('澳华内镜', 1)
('神州高铁', 1)
('中南文化', 1)
('香江控股', 1)
('茂业商业', 1)
('荣安地产', 1)
('云内动力', 1)
('中原高速', 1)
('捷成股份', 1)
('齐心集团', 1)
('京新药业', 1)
('科森科技', 1)
('友发集团', 1)
('同惠电子', 1)
('天下秀', 1)
('国网英大', 1)
('鹏欣资源', 1)
('欧科亿', 1)
('上海电气', 1)
('东睦股份', 1)
('君正集团', 1)
('易尚展示', 1)
('联络互动', 1)
('鹏鹞环保', 1)
('税友股份', 1)
('农尚环境', 1)
('中顺洁柔', 1)
('云南锗业', 1)
('阳谷华泰', 1)
('正元地信', 1)
('圣诺生物', 1)
('利欧股份', 1)
('禾信仪器', 1)
('三羊马', 1)
('信隆健康', 1)
('天原股份', 1)
('沙钢股份', 1)
('史丹利', 1)
('迈得医疗', 1)
('天音控股', 1)
('日丰股份', 1)
('红旗连锁', 1)
('中泰化学', 1)
('凯普生物', 1)
('同益中', 1)
('纵横股份', 1)
('戎美股份', 1)
('理邦仪器', 1)
('北鼎股份', 1)
('八一钢铁', 1)
('超声电子', 1)
('永安行', 1)
('纳尔股份', 1)
('中科软', 1)
('燕塘乳业', 1)
('中原证券', 1)
('三维化学', 1)
('明德生物', 1)
('瑞尔特', 1)
('东方国信', 1)
('普门科技', 1)
('德尔股份', 1)
('延华智能', 1)
('钱江水利', 1)
('仕佳光子', 1)
('立方制药', 1)
('海思科', 1)
('合兴股份', 1)
('天茂集团', 1)
('匠心家居', 1)
('吉林碳谷', 1)
('国林科技', 1)
('新点软件', 1)
('大为股份', 1)
('大地熊', 1)
('米奥会展', 1)
('先达股份', 1)
('长虹能源', 1)
('大立科技', 1)
('太平鸟', 1)
('金安国纪', 1)
('一品红', 1)
('申通快递', 1)
('利亚德', 1)
('顺发恒业', 1)
('名家汇', 1)
('苏州固锝', 1)
('凯盛科技', 1)
('朗姿股份', 1)
('钧达股份', 1)
('味知香', 1)
('易华录', 1)
('熊猫乳品', 1)
('广联航空', 1)
('狄耐克', 1)
('兆龙互连', 1)
('汇创达', 1)
('气派科技', 1)
('久吾高科', 1)
('矩子科技', 1)
('国泰集团', 1)
('芭田股份', 1)
('海洋王', 1)
('东威科技', 1)
('连城数控', 1)
('高新兴', 1)
('正海生物', 1)
('永贵电器', 1)
('北清环能', 1)
('云涌科技', 1)
('康达新材', 1)
('盐津铺子', 1)
('江山股份', 1)
('贵航股份', 1)
('博众精工', 1)
('方邦股份', 1)
('神剑股份', 1)
('中文在线', 1)
('奥飞娱乐', 1)
('锐明技术', 1)
('中熔电气', 1)
('地铁设计', 1)
('南模生物', 1)
('久日新材', 1)
('辰欣药业', 1)
('保立佳', 1)
