('宁德时代', 2244)
('贵州茅台', 2134)
('招商银行', 1126)
('隆基股份', 1117)
('药明康德', 967)
('东方财富', 916)
('保利发展', 874)
('兴业银行', 800)
('伊利股份', 784)
('五粮液', 744)
('宁波银行', 643)
('智飞生物', 613)
('泸州老窖', 585)
('比亚迪', 574)
('美的集团', 569)
('迈瑞医疗', 556)
('中国平安', 540)
('紫光国微', 525)
('紫金矿业', 522)
('牧原股份', 509)
('立讯精密', 508)
('海康威视', 500)
('华友钴业', 477)
('亿纬锂能', 444)
('北方华创', 442)
('万科A', 441)
('温氏股份', 422)
('平安银行', 418)
('中国核电', 413)
('中信证券', 405)
('长江电力', 401)
('恩捷股份', 398)
('天齐锂业', 361)
('赣锋锂业', 352)
('山西汾酒', 340)
('金地集团', 335)
('中天科技', 331)
('阳光电源', 329)
('海尔智家', 320)
('工商银行', 312)
('通威股份', 311)
('中国神华', 310)
('兆易创新', 310)
('中国中免', 305)
('凯莱英', 301)
('中环股份', 292)
('振华科技', 287)
('歌尔股份', 286)
('韦尔股份', 283)
('中国建筑', 280)
('东方雨虹', 278)
('天合光能', 274)
('中国移动', 261)
('博腾股份', 258)
('华鲁恒升', 252)
('招商蛇口', 249)
('中航光电', 248)
('广发证券', 244)
('晶澳科技', 236)
('兖矿能源', 234)
('福斯特', 228)
('容百科技', 227)
('陕西煤业', 225)
('泰格医药', 223)
('万华化学', 222)
('江苏银行', 220)
('海螺水泥', 217)
('天赐材料', 215)
('万泰生物', 207)
('明泰铝业', 205)
('三峡能源', 205)
('广汇能源', 196)
('圣邦股份', 189)
('璞泰来', 188)
('先导智能', 188)
('德方纳米', 181)
('建设银行', 178)
('爱尔眼科', 178)
('盐湖股份', 178)
('农业银行', 177)
('中航重机', 177)
('南京银行', 176)
('邮储银行', 175)
('爱美客', 172)
('海大集团', 168)
('汇川技术', 167)
('华泰证券', 165)
('永兴材料', 164)
('三七互娱', 160)
('航发动力', 157)
('圆通速递', 156)
('九洲药业', 156)
('恒瑞医药', 155)
('交通银行', 153)
('德赛西威', 153)
('分众传媒', 149)
('洋河股份', 146)
('晶晨股份', 142)
('闻泰科技', 142)
('拓普集团', 140)
('顾家家居', 138)
('康龙化成', 138)
('青岛啤酒', 134)
('神火股份', 134)
('恒生电子', 133)
('晶盛机电', 132)
('格力电器', 131)
('同仁堂', 129)
('北方稀土', 128)
('晶科能源', 128)
('帝尔激光', 127)
('斯达半导', 127)
('平煤股份', 126)
('法拉电子', 126)
('长春高新', 125)
('新希望', 123)
('华润三九', 123)
('国电南瑞', 123)
('东方电缆', 123)
('天华超净', 122)
('星源材质', 121)
('舍得酒业', 120)
('山西焦煤', 119)
('正泰电器', 117)
('国联股份', 117)
('澜起科技', 117)
('中科电气', 117)
('京东方A', 116)
('中航沈飞', 116)
('士兰微', 116)
('洽洽食品', 116)
('广联达', 115)
('西部超导', 115)
('赛轮轮胎', 114)
('伯特利', 112)
('福耀玻璃', 112)
('锦江酒店', 111)
('融捷股份', 110)
('建发股份', 109)
('中国电建', 109)
('天康生物', 109)
('中国国航', 109)
('韵达股份', 109)
('浪潮信息', 108)
('普洛药业', 108)
('中航西飞', 107)
('中科创达', 107)
('涪陵榨菜', 104)
('天奈科技', 104)
('三一重工', 103)
('扬杰科技', 103)
('杭州银行', 102)
('康泰生物', 101)
('迈为股份', 101)
('常熟银行', 100)
('远兴能源', 100)
('菲利华', 100)
('卫星化学', 99)
('杉杉股份', 98)
('亿联网络', 98)
('思瑞浦', 97)
('山煤国际', 96)
('锦浪科技', 96)
('纳思达', 96)
('傲农生物', 95)
('杰瑞股份', 95)
('片仔癀', 94)
('新城控股', 93)
('成都银行', 93)
('中国银行', 93)
('今世缘', 93)
('昭衍新药', 93)
('当升科技', 92)
('沃森生物', 92)
('明阳智能', 91)
('大华股份', 89)
('顺丰控股', 88)
('大秦铁路', 87)
('上海机场', 86)
('欧派家居', 86)
('中微公司', 86)
('华侨城A', 85)
('郑煤机', 84)
('航天电器', 84)
('唐人神', 83)
('中国巨石', 83)
('司太立', 83)
('中兵红箭', 82)
('赤峰黄金', 82)
('酒鬼酒', 82)
('华能国际', 81)
('盛新锂能', 81)
('四维图新', 81)
('三安光电', 80)
('中芯国际', 80)
('荣盛石化', 79)
('新和成', 79)
('科大讯飞', 78)
('蔚蓝锂芯', 78)
('新莱应材', 77)
('新宙邦', 77)
('中国太保', 76)
('梅花生物', 76)
('中科曙光', 75)
('华域汽车', 75)
('鸿路钢构', 75)
('中国化学', 75)
('复星医药', 74)
('美迪西', 74)
('吉比特', 73)
('中国交建', 73)
('比音勒芬', 73)
('中兴通讯', 73)
('安井食品', 72)
('固德威', 72)
('沪电股份', 72)
('云铝股份', 71)
('中国船舶', 71)
('以岭药业', 71)
('国泰君安', 70)
('首旅酒店', 70)
('福莱特', 70)
('中鼎股份', 69)
('金禾实业', 69)
('亨通光电', 69)
('德业股份', 69)
('海天味业', 68)
('中矿资源', 68)
('抚顺特钢', 68)
('宝信软件', 67)
('伟星新材', 67)
('济川药业', 67)
('电投能源', 67)
('通策医疗', 67)
('大北农', 66)
('鹏辉能源', 66)
('大族激光', 66)
('白云机场', 66)
('民生银行', 65)
('中远海控', 65)
('鼎龙股份', 65)
('华测检测', 65)
('芯源微', 65)
('石英股份', 65)
('巨星农牧', 64)
('山东黄金', 64)
('东方证券', 64)
('淮北矿业', 63)
('晋控煤业', 63)
('金科股份', 63)
('旗滨集团', 63)
('特变电工', 63)
('古井贡酒', 62)
('潞安环能', 61)
('中国中铁', 61)
('科沃斯', 61)
('科达利', 61)
('中国石油', 60)
('扬农化工', 60)
('老板电器', 60)
('新洁能', 60)
('华海药业', 59)
('安集科技', 59)
('君实生物', 59)
('石头科技', 58)
('洛阳钼业', 58)
('健友股份', 58)
('传音控股', 58)
('中信特钢', 58)
('鸿远电子', 58)
('华峰测控', 58)
('铜陵有色', 58)
('宝钛股份', 57)
('中航机电', 57)
('桐昆股份', 57)
('健帆生物', 57)
('招商轮船', 56)
('奕瑞科技', 56)
('金山办公', 55)
('苏试试验', 55)
('移远通信', 55)
('润丰股份', 55)
('火炬电子', 54)
('双汇发展', 54)
('华东医药', 54)
('太阳纸业', 53)
('东山精密', 53)
('贝泰妮', 53)
('南方航空', 53)
('云天化', 53)
('重庆啤酒', 53)
('三环集团', 53)
('北新建材', 52)
('星宇股份', 52)
('山东路桥', 52)
('迎驾贡酒', 52)
('立昂微', 52)
('中颖电子', 52)
('隆平高科', 52)
('欣旺达', 52)
('芒果超媒', 51)
('宏发股份', 51)
('奥特维', 51)
('坚朗五金', 51)
('索菲亚', 50)
('宝钢股份', 50)
('深信服', 50)
('三星医疗', 50)
('天邦股份', 49)
('青鸟消防', 49)
('卫士通', 49)
('药石科技', 49)
('登海种业', 48)
('中国铁建', 48)
('新洋丰', 48)
('时代电气', 48)
('双环传动', 48)
('卓胜微', 48)
('江海股份', 47)
('恒力石化', 47)
('苏泊尔', 46)
('安琪酵母', 46)
('口子窖', 46)
('卫宁健康', 46)
('七一二', 46)
('中直股份', 45)
('三角防务', 45)
('华新水泥', 45)
('金博股份', 45)
('中航高科', 44)
('海通证券', 44)
('久立特材', 44)
('安旭生物', 44)
('中伟股份', 44)
('高能环境', 43)
('江丰电子', 43)
('中国石化', 43)
('广汽集团', 43)
('周大生', 43)
('宋城演艺', 43)
('兴发集团', 43)
('三人行', 43)
('天健集团', 42)
('上汽集团', 42)
('长川科技', 42)
('东阿阿胶', 42)
('中牧股份', 42)
('联赢激光', 42)
('联创电子', 42)
('光大银行', 41)
('景津装备', 41)
('用友网络', 41)
('爱乐达', 41)
('三花智控', 41)
('兴业证券', 41)
('杭氧股份', 41)
('普莱柯', 41)
('万润股份', 41)
('雅化集团', 41)
('华发股份', 40)
('华菱钢铁', 40)
('华铁应急', 40)
('晨光股份', 40)
('四川路桥', 40)
('中国电信', 40)
('视觉中国', 40)
('嘉元科技', 40)
('鹏鼎控股', 39)
('甬金股份', 39)
('申万宏源', 39)
('大金重工', 39)
('创业慧康', 39)
('普利制药', 39)
('云南白药', 38)
('东富龙', 38)
('新雷能', 38)
('益丰药房', 37)
('和而泰', 37)
('东南网架', 37)
('震安科技', 37)
('柏楚电子', 37)
('川投能源', 36)
('银泰黄金', 36)
('新兴铸管', 36)
('潍柴动力', 36)
('新奥股份', 36)
('天顺风能', 36)
('广宇发展', 36)
('华阳股份', 36)
('苏州银行', 35)
('中青旅', 35)
('永新光学', 35)
('寿仙谷', 35)
('中国铝业', 35)
('昊华科技', 35)
('金域医学', 35)
('上海医药', 34)
('宝丰能源', 34)
('华特达因', 34)
('沪硅产业', 34)
('东软集团', 34)
('北京君正', 34)
('新强联', 34)
('江特电机', 34)
('吉祥航空', 33)
('福能股份', 33)
('飞凯材料', 33)
('志邦家居', 33)
('天宇股份', 33)
('京沪高铁', 33)
('禾迈股份', 33)
('浙江鼎力', 32)
('中远海能', 32)
('格林美', 32)
('南山铝业', 32)
('美畅股份', 32)
('招商证券', 32)
('伟星股份', 31)
('钢研高纳', 31)
('春秋航空', 31)
('瀚蓝环境', 31)
('瑞可达', 31)
('高测股份', 31)
('天宜上佳', 31)
('绿地控股', 30)
('宏力达', 30)
('鲁西化工', 30)
('聚辰股份', 30)
('广信股份', 30)
('方大特钢', 29)
('苏农银行', 29)
('完美世界', 29)
('太极集团', 29)
('朗新科技', 29)
('山东赫达', 29)
('中煤能源', 28)
('视源股份', 28)
('浦发银行', 28)
('长信科技', 28)
('思源电气', 28)
('新泉股份', 28)
('创世纪', 28)
('贝达药业', 28)
('意华股份', 28)
('天坛生物', 28)
('派克新材', 28)
('江苏神通', 28)
('华统股份', 27)
('招商积余', 27)
('安徽建工', 27)
('中新药业', 27)
('上峰水泥', 27)
('天地科技', 27)
('奥翔药业', 27)
('君亭酒店', 27)
('健民集团', 27)
('玲珑轮胎', 27)
('景旺电子', 27)
('锡业股份', 27)
('光威复材', 27)
('厦门象屿', 27)
('天马科技', 27)
('巨化股份', 27)
('聚光科技', 27)
('张家港行', 26)
('紫光股份', 26)
('百润股份', 26)
('壹石通', 26)
('瑞芯微', 26)
('海容冷链', 26)
('东方生物', 26)
('富瀚微', 26)
('国轩高科', 26)
('康德莱', 26)
('力量钻石', 26)
('绝味食品', 26)
('移为通信', 26)
('海泰新光', 26)
('国瓷材料', 26)
('中国广核', 25)
('汤臣倍健', 25)
('一心堂', 25)
('中航电子', 25)
('华利集团', 25)
('创维数字', 25)
('恒立液压', 25)
('再升科技', 25)
('雅克科技', 25)
('伊力特', 25)
('中材科技', 25)
('珀莱雅', 25)
('新五丰', 25)
('云图控股', 25)
('TCL科技', 25)
('欧普康视', 25)
('航天宏图', 25)
('中钨高新', 25)
('科顺股份', 24)
('天山铝业', 24)
('滨江集团', 24)
('中际旭创', 24)
('西部矿业', 24)
('京北方', 24)
('运达股份', 24)
('科锐国际', 24)
('海优新材', 24)
('美锦能源', 23)
('荃银高科', 23)
('日月股份', 23)
('天铁股份', 23)
('中集集团', 23)
('中国联通', 23)
('乐普医疗', 23)
('新易盛', 23)
('中国银河', 23)
('恒玄科技', 23)
('同花顺', 23)
('上海家化', 23)
('中简科技', 23)
('心脉医疗', 23)
('航发控制', 23)
('爱博医疗', 23)
('中航产融', 23)
('永泰能源', 22)
('生益科技', 22)
('长城汽车', 22)
('国投电力', 22)
('中密控股', 22)
('盛美上海', 22)
('西藏矿业', 22)
('晶方科技', 22)
('星期六', 22)
('神工股份', 22)
('万业企业', 22)
('诺唯赞', 22)
('景嘉微', 22)
('人福医药', 22)
('华测导航', 22)
('春风动力', 22)
('水井坊', 22)
('顺络电子', 21)
('冀东水泥', 21)
('圣农发展', 21)
('湖南黄金', 21)
('白云山', 21)
('裕同科技', 21)
('金诚信', 21)
('中炬高新', 21)
('蓝色光标', 21)
('新宝股份', 21)
('四川双马', 21)
('金城医药', 21)
('密尔克卫', 21)
('内蒙华电', 20)
('盛屯矿业', 20)
('新华保险', 20)
('赢合科技', 20)
('钧达股份', 20)
('劲嘉股份', 20)
('三六零', 20)
('浙江医药', 20)
('天孚通信', 20)
('华恒生物', 20)
('诺德股份', 20)
('上声电子', 20)
('皇马科技', 20)
('宇信科技', 20)
('海达股份', 19)
('北京银行', 19)
('新华医疗', 19)
('唐山港', 19)
('中国东航', 19)
('马钢股份', 19)
('众生药业', 19)
('上海银行', 19)
('三友化工', 19)
('伊之密', 19)
('南玻A', 19)
('华荣股份', 19)
('丽珠集团', 19)
('彤程新材', 19)
('苏博特', 19)
('公牛集团', 19)
('中材国际', 19)
('红星发展', 19)
('龙佰集团', 19)
('芯能科技', 19)
('龙蟠科技', 19)
('凌霄泵业', 19)
('宁沪高速', 18)
('鱼跃医疗', 18)
('首钢股份', 18)
('石基信息', 18)
('老百姓', 18)
('博实股份', 18)
('兴森科技', 18)
('东诚药业', 18)
('宁波华翔', 18)
('粤电力A', 18)
('美格智能', 18)
('宏达电子', 18)
('广东鸿图', 18)
('兰花科创', 18)
('艾为电子', 18)
('通富微电', 18)
('开立医疗', 18)
('海尔生物', 18)
('华康医疗', 17)
('北大荒', 17)
('深圳机场', 17)
('捷佳伟创', 17)
('旺能环境', 17)
('永创智能', 17)
('启明星辰', 17)
('华夏航空', 17)
('中信银行', 17)
('百诚医药', 17)
('驰宏锌锗', 17)
('博雅生物', 17)
('艾华集团', 17)
('泰和新材', 17)
('仙琚制药', 17)
('华能水电', 17)
('佐力药业', 17)
('迪威尔', 17)
('海格通信', 17)
('中国人寿', 17)
('兴齐眼药', 17)
('北摩高科', 17)
('藏格矿业', 17)
('黑猫股份', 17)
('洪城环境', 16)
('润建股份', 16)
('仙鹤股份', 16)
('聚合顺', 16)
('珠海冠宇', 16)
('中国汽研', 16)
('杰克股份', 16)
('海利得', 16)
('金力永磁', 16)
('盈康生命', 16)
('正邦科技', 16)
('华润微', 16)
('航天彩虹', 16)
('天能重工', 16)
('安恒信息', 16)
('盘江股份', 16)
('立中集团', 16)
('台华新材', 16)
('康缘药业', 16)
('谱尼测试', 16)
('昊华能源', 16)
('胜宏科技', 16)
('三峡水利', 16)
('佰仁医疗', 16)
('东鹏饮料', 16)
('鑫铂股份', 16)
('浙江龙盛', 15)
('联化科技', 15)
('精达股份', 15)
('迪阿股份', 15)
('精工钢构', 15)
('中交地产', 15)
('东方日升', 15)
('永辉超市', 15)
('中来股份', 15)
('振华新材', 15)
('南都电源', 15)
('善水科技', 15)
('山东药玻', 15)
('巨星科技', 15)
('振德医疗', 15)
('索通发展', 15)
('东吴证券', 15)
('盈趣科技', 15)
('精测电子', 15)
('东方通', 15)
('康华生物', 15)
('国安达', 15)
('海目星', 15)
('冀中能源', 15)
('坤彩科技', 15)
('汉威科技', 15)
('长江证券', 15)
('国信证券', 15)
('中旗股份', 15)
('皓元医药', 15)
('江化微', 15)
('普利特', 15)
('精功科技', 15)
('英维克', 15)
('中闽能源', 14)
('羚锐制药', 14)
('桃李面包', 14)
('深南电路', 14)
('通化东宝', 14)
('中国能建', 14)
('林洋能源', 14)
('赛意信息', 14)
('东方盛虹', 14)
('吉电股份', 14)
('上海建工', 14)
('云海金属', 14)
('中联重科', 14)
('百普赛斯', 14)
('华工科技', 14)
('嘉化能源', 14)
('吉林敖东', 14)
('锐科激光', 14)
('图南股份', 14)
('凤凰传媒', 14)
('双良节能', 14)
('中国中车', 14)
('晨光生物', 14)
('键凯科技', 14)
('蓝晓科技', 14)
('利元亨', 14)
('力芯微', 14)
('天奇股份', 14)
('龙净环保', 14)
('立华股份', 14)
('三利谱', 14)
('光线传媒', 14)
('至纯科技', 14)
('隆盛科技', 14)
('东瑞股份', 14)
('上机数控', 14)
('四方光电', 14)
('三孚股份', 14)
('东阳光', 14)
('天士力', 14)
('极米科技', 14)
('震裕科技', 14)
('科达制造', 14)
('三棵树', 13)
('金新农', 13)
('齐翔腾达', 13)
('超图软件', 13)
('健康元', 13)
('海信视像', 13)
('百隆东方', 13)
('华设集团', 13)
('新凤鸣', 13)
('风华高科', 13)
('中海油服', 13)
('江西铜业', 13)
('老凤祥', 13)
('渝农商行', 13)
('炬光科技', 13)
('杭可科技', 13)
('垒知集团', 13)
('江山股份', 13)
('航民股份', 13)
('斯迪克', 13)
('采纳股份', 13)
('元利科技', 13)
('华熙生物', 13)
('南微医学', 13)
('中科软', 13)
('国元证券', 13)
('浙江自然', 13)
('苏垦农发', 13)
('喜临门', 13)
('九号公司', 13)
('世纪华通', 13)
('东方明珠', 13)
('拱东医疗', 13)
('石大胜华', 13)
('复旦微电', 13)
('中国医药', 12)
('招商公路', 12)
('峨眉山A', 12)
('贵研铂业', 12)
('塔牌集团', 12)
('靖远煤电', 12)
('大全能源', 12)
('大参林', 12)
('伟明环保', 12)
('长安汽车', 12)
('广东宏大', 12)
('上海电力', 12)
('亚钾国际', 12)
('富安娜', 12)
('黄河旋风', 12)
('华贸物流', 12)
('江阴银行', 12)
('曲美家居', 12)
('千禾味业', 12)
('中粮糖业', 12)
('濮阳惠成', 12)
('金圆股份', 12)
('小康股份', 12)
('华阳集团', 12)
('拓新药业', 11)
('雅戈尔', 11)
('浙能电力', 11)
('中国长城', 11)
('海信家电', 11)
('江山欧派', 11)
('江苏国泰', 11)
('金雷股份', 11)
('黄山旅游', 11)
('鸣志电器', 11)
('新钢股份', 11)
('豪迈科技', 11)
('方大炭素', 11)
('华致酒行', 11)
('博威合金', 11)
('西菱动力', 11)
('埃斯顿', 11)
('保龄宝', 11)
('东材科技', 11)
('华天科技', 11)
('浦东金桥', 11)
('能科科技', 11)
('神州信息', 11)
('重庆水务', 11)
('森麒麟', 11)
('英科医疗', 11)
('新益昌', 11)
('中粮科技', 11)
('金风科技', 11)
('华大基因', 11)
('横店东磁', 11)
('先惠技术', 11)
('芯原股份', 11)
('同和药业', 11)
('致远互联', 11)
('捷顺科技', 11)
('康希诺', 11)
('武商集团', 10)
('中南传媒', 10)
('上港集团', 10)
('常熟汽饰', 10)
('徐工机械', 10)
('麦捷科技', 10)
('鹿山新材', 10)
('盾安环境', 10)
('赞宇科技', 10)
('红日药业', 10)
('豫园股份', 10)
('水星家纺', 10)
('中金黄金', 10)
('健之佳', 10)
('睿创微纳', 10)
('粤高速A', 10)
('国网信通', 10)
('宝兰德', 10)
('均胜电子', 10)
('中国中冶', 10)
('中曼石油', 10)
('派能科技', 10)
('沧州大化', 10)
('浙商证券', 10)
('楚天科技', 10)
('麦格米特', 10)
('松原股份', 10)
('天目湖', 10)
('中粮工科', 10)
('许继电气', 10)
('嘉必优', 10)
('天奥电子', 10)
('智明达', 10)
('晨光新材', 10)
('和胜股份', 10)
('西藏珠峰', 10)
('南山控股', 10)
('丰元股份', 10)
('金隅集团', 10)
('富煌钢构', 10)
('联创股份', 10)
('东华科技', 10)
('凯美特气', 10)
('恒润股份', 10)
('万向德农', 10)
('国机精工', 10)
('国科微', 10)
('振华股份', 10)
('芯朋微', 10)
('康恩贝', 10)
('中文传媒', 10)
('中远海发', 10)
('美诺华', 10)
('昆仑万维', 10)
('巨人网络', 10)
('湘电股份', 10)
('物产中大', 10)
('应流股份', 10)
('福田汽车', 10)
('泛微网络', 10)
('山东高速', 9)
('中南建设', 9)
('上海临港', 9)
('宁夏建材', 9)
('内蒙一机', 9)
('恩华药业', 9)
('楚江新材', 9)
('首开股份', 9)
('飞科电器', 9)
('大东方', 9)
('广州酒家', 9)
('森特股份', 9)
('火星人', 9)
('华夏银行', 9)
('乐鑫科技', 9)
('海亮股份', 9)
('贝斯特', 9)
('惠泰医疗', 9)
('金刚玻璃', 9)
('新大正', 9)
('新大陆', 9)
('佳禾智能', 9)
('菱电电控', 9)
('包钢股份', 9)
('卧龙电驱', 9)
('中际联合', 9)
('吉林化纤', 9)
('南钢股份', 9)
('浙江美大', 9)
('众信旅游', 9)
('新点软件', 9)
('安克创新', 9)
('润达医疗', 9)
('山东海化', 9)
('雪天盐业', 9)
('海利尔', 9)
('中控技术', 9)
('众业达', 9)
('建龙微纳', 9)
('和邦生物', 9)
('高德红外', 9)
('继峰股份', 9)
('利尔化学', 9)
('王府井', 9)
('中国重工', 9)
('合盛硅业', 9)
('纳微科技', 9)
('吉翔股份', 8)
('工业富联', 8)
('顺鑫农业', 8)
('天润乳业', 8)
('太极股份', 8)
('光明乳业', 8)
('威孚高科', 8)
('志特新材', 8)
('青农商行', 8)
('弘亚数控', 8)
('奥瑞金', 8)
('水晶光电', 8)
('天通股份', 8)
('养元饮品', 8)
('铂科新材', 8)
('九州通', 8)
('亿田智能', 8)
('金龙鱼', 8)
('纽威股份', 8)
('华中数控', 8)
('史丹利', 8)
('长盈精密', 8)
('文灿股份', 8)
('易德龙', 8)
('鲁阳节能', 8)
('报喜鸟', 8)
('海天精工', 8)
('九典制药', 8)
('良信股份', 8)
('鲁泰A', 8)
('万达电影', 8)
('东航物流', 8)
('特锐德', 8)
('光环新网', 8)
('奇安信', 8)
('罗莱生活', 8)
('鲍斯股份', 8)
('平治信息', 8)
('翔丰华', 8)
('微光股份', 8)
('宏川智慧', 8)
('北京城乡', 8)
('深高速', 8)
('三美股份', 8)
('金牌厨柜', 8)
('洁美科技', 8)
('久日新材', 8)
('甘源食品', 8)
('中信博', 8)
('凯撒旅业', 8)
('大亚圣象', 8)
('迪安诊断', 8)
('长电科技', 8)
('安路科技', 8)
('中航电测', 8)
('盛和资源', 8)
('浙商中拓', 8)
('昌红科技', 8)
('岱美股份', 8)
('中铁装配', 8)
('泰林生物', 8)
('中谷物流', 8)
('全志科技', 8)
('川能动力', 8)
('亿帆医药', 8)
('东华软件', 8)
('多氟多', 8)
('凯赛生物', 8)
('航锦科技', 8)
('家家悦', 8)
('集友股份', 8)
('隆华新材', 7)
('国电电力', 7)
('天山股份', 7)
('陆家嘴', 7)
('中国软件', 7)
('五洲特纸', 7)
('中新赛克', 7)
('申昊科技', 7)
('华策影视', 7)
('永冠新材', 7)
('爱柯迪', 7)
('巴比食品', 7)
('苏文电能', 7)
('云南铜业', 7)
('元祖股份', 7)
('国联证券', 7)
('神驰机电', 7)
('润邦股份', 7)
('京新药业', 7)
('欧科亿', 7)
('利亚德', 7)
('银轮股份', 7)
('东方电热', 7)
('华电国际', 7)
('圣元环保', 7)
('昆药集团', 7)
('九安医疗', 7)
('捷捷微电', 7)
('铜峰电子', 7)
('金宏气体', 7)
('江中药业', 7)
('承德露露', 7)
('友发集团', 7)
('华润双鹤', 7)
('盛达资源', 7)
('永太科技', 7)
('福瑞股份', 7)
('双星新材', 7)
('泰和科技', 7)
('长阳科技', 7)
('阿尔特', 7)
('香山股份', 7)
('大地熊', 7)
('苏奥传感', 7)
('海晨股份', 7)
('四方达', 7)
('特宝生物', 7)
('生物股份', 7)
('阳光诺和', 7)
('太钢不锈', 7)
('兔宝宝', 7)
('华谊集团', 7)
('松井股份', 7)
('全信股份', 7)
('新安股份', 7)
('洪都航空', 7)
('有研新材', 7)
('厦门钨业', 7)
('卓越新能', 7)
('硅宝科技', 7)
('新北洋', 7)
('长亮科技', 7)
('华秦科技', 7)
('瑞联新材', 7)
('聚飞光电', 7)
('光库科技', 7)
('道通科技', 7)
('粤万年青', 6)
('金能科技', 6)
('骆驼股份', 6)
('佩蒂股份', 6)
('盟升电子', 6)
('达嘉维康', 6)
('盛航股份', 6)
('恒邦股份', 6)
('柳工', 6)
('皖通高速', 6)
('精研科技', 6)
('欧陆通', 6)
('新集能源', 6)
('禾望电气', 6)
('海南橡胶', 6)
('一拖股份', 6)
('有友食品', 6)
('乐惠国际', 6)
('春秋电子', 6)
('五洲新春', 6)
('海澜之家', 6)
('恒源煤电', 6)
('艾迪精密', 6)
('威博液压', 6)
('中原传媒', 6)
('臻镭科技', 6)
('湘佳股份', 6)
('方正电机', 6)
('容知日新', 6)
('三特索道', 6)
('深桑达A', 6)
('禾丰股份', 6)
('五矿稀土', 6)
('宇通客车', 6)
('国光电气', 6)
('东方集团', 6)
('奥士康', 6)
('东宏股份', 6)
('万孚生物', 6)
('数字认证', 6)
('嘉澳环保', 6)
('曲江文旅', 6)
('西子洁能', 6)
('敏芯股份', 6)
('青岛银行', 6)
('康达新材', 6)
('亿嘉和', 6)
('安利股份', 6)
('三诺生物', 6)
('协鑫能科', 6)
('传化智联', 6)
('亚厦股份', 6)
('松霖科技', 6)
('世华科技', 6)
('雷赛智能', 6)
('新天药业', 6)
('奥飞数据', 6)
('平高电气', 6)
('上海梅林', 6)
('上海钢联', 6)
('爱玛科技', 6)
('浩洋股份', 6)
('安图生物', 6)
('博汇纸业', 6)
('仁和药业', 6)
('四川长虹', 6)
('兴蓉环境', 6)
('洛阳玻璃', 6)
('国药股份', 6)
('我武生物', 6)
('广电运通', 6)
('天邑股份', 6)
('汇得科技', 6)
('澳华内镜', 6)
('中科三环', 6)
('拓邦股份', 6)
('川恒股份', 6)
('华安鑫创', 6)
('同益中', 5)
('佳发教育', 5)
('荣盛发展', 5)
('江苏租赁', 5)
('新湖中宝', 5)
('光迅科技', 5)
('四创电子', 5)
('清新环境', 5)
('天壕环境', 5)
('国药一致', 5)
('鞍钢股份', 5)
('益佰制药', 5)
('力合微', 5)
('交控科技', 5)
('三钢闽光', 5)
('西部黄金', 5)
('三元生物', 5)
('光庭信息', 5)
('科伦药业', 5)
('优博讯', 5)
('滨化股份', 5)
('洁特生物', 5)
('迈克生物', 5)
('黔源电力', 5)
('中国外运', 5)
('华峰化学', 5)
('无锡银行', 5)
('北京利尔', 5)
('绿盟科技', 5)
('双环科技', 5)
('粤水电', 5)
('宏微科技', 5)
('中国核建', 5)
('晶瑞电材', 5)
('蔚蓝生物', 5)
('神马股份', 5)
('稳健医疗', 5)
('辰安科技', 5)
('阿拉丁', 5)
('霍莱沃', 5)
('中公教育', 5)
('广誉远', 5)
('中铁工业', 5)
('诚意药业', 5)
('华夏幸福', 5)
('冰轮环境', 5)
('英飞特', 5)
('河钢股份', 5)
('金杯电工', 5)
('翱捷科技', 5)
('申能股份', 5)
('东威科技', 5)
('正帆科技', 5)
('炬华科技', 5)
('奥克股份', 5)
('盛弘股份', 5)
('千金药业', 5)
('明德生物', 5)
('杰普特', 5)
('航宇科技', 5)
('千方科技', 5)
('华翔股份', 5)
('农发种业', 5)
('劲拓股份', 5)
('华懋科技', 5)
('八方股份', 5)
('新国都', 5)
('中盐化工', 5)
('博思软件', 5)
('浙文互联', 5)
('华扬联众', 5)
('齐心集团', 5)
('中钢天源', 5)
('圣泉集团', 5)
('燕京啤酒', 5)
('英搏尔', 5)
('天融信', 5)
('指南针', 5)
('重庆钢铁', 5)
('苑东生物', 5)
('航天信息', 5)
('天际股份', 5)
('崇达技术', 5)
('光弘科技', 5)
('牧高笛', 5)
('欣锐科技', 5)
('世运电路', 5)
('凯普生物', 5)
('派林生物', 5)
('东方电子', 5)
('姚记科技', 5)
('虹软科技', 5)
('久远银海', 5)
('富临精工', 5)
('华特气体', 5)
('盛通股份', 5)
('顶点软件', 5)
('北清环能', 5)
('吉林碳谷', 5)
('隆华科技', 5)
('英杰电气', 5)
('鼎通科技', 5)
('富祥药业', 5)
('保隆科技', 5)
('湖北宜化', 5)
('中科星图', 5)
('广晟有色', 5)
('数据港', 5)
('华软科技', 5)
('恒光股份', 4)
('诚达药业', 4)
('万祥科技', 4)
('华达科技', 4)
('海宁皮城', 4)
('吉视传媒', 4)
('齐峰新材', 4)
('信维通信', 4)
('利君股份', 4)
('柳药股份', 4)
('安徽合力', 4)
('申通快递', 4)
('声迅股份', 4)
('祁连山', 4)
('安靠智电', 4)
('东华测试', 4)
('鼎胜新材', 4)
('博拓生物', 4)
('上海沪工', 4)
('南网科技', 4)
('亨迪药业', 4)
('优宁维', 4)
('香飘飘', 4)
('开山股份', 4)
('光峰科技', 4)
('小商品城', 4)
('美年健康', 4)
('山西焦化', 4)
('晶科科技', 4)
('信达地产', 4)
('博彦科技', 4)
('力合科创', 4)
('海泰发展', 4)
('雷电微力', 4)
('会稽山', 4)
('电连技术', 4)
('中信出版', 4)
('建业股份', 4)
('芯海科技', 4)
('力合科技', 4)
('凯立新材', 4)
('中金公司', 4)
('中国通号', 4)
('隧道股份', 4)
('新天绿能', 4)
('快克股份', 4)
('步长制药', 4)
('凤凰光学', 4)
('辽宁成大', 4)
('金达威', 4)
('海油工程', 4)
('鸿利智汇', 4)
('大博医疗', 4)
('科德数控', 4)
('恺英网络', 4)
('三元股份', 4)
('成大生物', 4)
('可孚医疗', 4)
('森马服饰', 4)
('蒙娜丽莎', 4)
('文山电力', 4)
('新兴装备', 4)
('安科瑞', 4)
('亿华通', 4)
('小熊电器', 4)
('美亚光电', 4)
('西部建设', 4)
('*ST信威', 4)
('桂林三金', 4)
('仲景食品', 4)
('东岳硅材', 4)
('国力股份', 4)
('海源复材', 4)
('百济神州', 4)
('山东玻纤', 4)
('龙磁科技', 4)
('中国人保', 4)
('旭升股份', 4)
('宏华数科', 4)
('广和通', 4)
('长城证券', 4)
('风语筑', 4)
('壹网壹创', 4)
('深天马A', 4)
('超声电子', 4)
('瀚川智能', 4)
('国光股份', 4)
('中信重工', 4)
('天岳先进', 4)
('睿智医药', 4)
('江淮汽车', 4)
('中国出版', 4)
('鄂尔多斯', 4)
('中储股份', 4)
('燕塘乳业', 4)
('兴业矿业', 4)
('兴源环境', 4)
('富春环保', 4)
('节能国祯', 4)
('东江环保', 4)
('首创环保', 4)
('健盛集团', 4)
('东北证券', 4)
('攀钢钒钛', 4)
('耐普矿机', 4)
('汉钟精机', 4)
('*ST德新', 4)
('碧水源', 4)
('佳都科技', 4)
('益生股份', 4)
('德邦股份', 4)
('辽港股份', 4)
('久祺股份', 4)
('惠达卫浴', 4)
('维力医疗', 4)
('宝通科技', 4)
('兴瑞科技', 4)
('银都股份', 4)
('玉禾田', 4)
('昊海生科', 4)
('热景生物', 4)
('汇顶科技', 4)
('亚威股份', 4)
('诺泰生物', 4)
('中核钛白', 4)
('科威尔', 4)
('怡合达', 4)
('绿的谐波', 4)
('百克生物', 4)
('映翰通', 4)
('丽江股份', 4)
('芳源股份', 4)
('中触媒', 4)
('江苏新能', 4)
('宇瞳光学', 4)
('苏大维格', 4)
('百傲化学', 4)
('哈尔斯', 4)
('动力新科', 4)
('东易日盛', 3)
('中环环保', 3)
('天风证券', 3)
('郑州银行', 3)
('长青股份', 3)
('红蜻蜓', 3)
('歌华有线', 3)
('通鼎互联', 3)
('建设机械', 3)
('东方电气', 3)
('广大特材', 3)
('苏交科', 3)
('新华制药', 3)
('凯尔达', 3)
('普联软件', 3)
('崧盛股份', 3)
('芯导科技', 3)
('盈峰环境', 3)
('华润材料', 3)
('米奥会展', 3)
('亚虹医药', 3)
('明月镜片', 3)
('京基智农', 3)
('长鹰信质', 3)
('河钢资源', 3)
('好想你', 3)
('仙坛股份', 3)
('黑牡丹', 3)
('中宠股份', 3)
('科前生物', 3)
('金种子酒', 3)
('威高骨科', 3)
('长沙银行', 3)
('长盛轴承', 3)
('日发精机', 3)
('海力风电', 3)
('华帝股份', 3)
('广深铁路', 3)
('特一药业', 3)
('尖峰集团', 3)
('博敏电子', 3)
('新媒股份', 3)
('唯赛勃', 3)
('四方股份', 3)
('中色股份', 3)
('华锦股份', 3)
('利民股份', 3)
('鹏都农牧', 3)
('现代投资', 3)
('鸥玛软件', 3)
('盐津铺子', 3)
('健麾信息', 3)
('泰晶科技', 3)
('瑞普生物', 3)
('厦门国贸', 3)
('银邦股份', 3)
('德美化工', 3)
('中国电影', 3)
('爱普股份', 3)
('光大证券', 3)
('古越龙山', 3)
('丝路视觉', 3)
('捷昌驱动', 3)
('华峰铝业', 3)
('探路者', 3)
('涪陵电力', 3)
('杭州柯林', 3)
('东珠生态', 3)
('天下秀', 3)
('航亚科技', 3)
('上海电气', 3)
('汇创达', 3)
('海洋王', 3)
('九强生物', 3)
('豪能股份', 3)
('沙钢股份', 3)
('孚能科技', 3)
('帅丰电器', 3)
('三联虹普', 3)
('日辰股份', 3)
('华微电子', 3)
('汉得信息', 3)
('泽璟制药', 3)
('当虹科技', 3)
('立方制药', 3)
('电广传媒', 3)
('海德股份', 3)
('新开源', 3)
('瑞华泰', 3)
('厦钨新能', 3)
('鼎捷软件', 3)
('德赛电池', 3)
('创耀科技', 3)
('国民技术', 3)
('信安世纪', 3)
('利安隆', 3)
('泰坦科技', 3)
('正海生物', 3)
('鲁商发展', 3)
('烽火通信', 3)
('共达电声', 3)
('卓然股份', 3)
('艾可蓝', 3)
('有方科技', 3)
('浪潮软件', 3)
('茂业商业', 2)
('富吉瑞', 2)
('未来股份', 2)
('金海高科', 2)
('新经典', 2)
('ST宏图', 2)
('老白干酒', 2)
('绿城水务', 2)
('国恩股份', 2)
('美亚柏科', 2)
('宁水集团', 2)
('莱宝高科', 2)
('天原股份', 2)
('鲁抗医药', 2)
('渤海租赁', 2)
('兆威机电', 2)
('汇宇制药', 2)
('莱尔科技', 2)
('力诺特玻', 2)
('烟台冰轮', 2)
('银河电子', 2)
('美盈森', 2)
('福日电子', 2)
('加加食品', 2)
('中国宝安', 2)
('宝胜股份', 2)
('中复神鹰', 2)
('宁波建工', 2)
('长城科技', 2)
('风光股份', 2)
('马应龙', 2)
('中信建投', 2)
('阳光城', 2)
('甘肃电投', 2)
('八一钢铁', 2)
('大悦城', 2)
('中船科技', 2)
('兴通股份', 2)
('力星股份', 2)
('天阳科技', 2)
('南国置业', 2)
('广宇集团', 2)
('山东钢铁', 2)
('正海磁材', 2)
('义翘神州', 2)
('灿勤科技', 2)
('海兰信', 2)
('远东股份', 2)
('华旺科技', 2)
('重庆银行', 2)
('蓝思科技', 2)
('开滦股份', 2)
('陕鼓动力', 2)
('巨一科技', 2)
('寒武纪', 2)
('新产业', 2)
('*ST恒誉', 2)
('厦门空港', 2)
('春光科技', 2)
('中国重汽', 2)
('天润工业', 2)
('中国西电', 2)
('振华重工', 2)
('星帅尔', 2)
('浙江建投', 2)
('福晶科技', 2)
('华锐精密', 2)
('沧州明珠', 2)
('国旅联合', 2)
('海象新材', 2)
('长飞光纤', 2)
('泽宇智能', 2)
('争光股份', 2)
('起帆电缆', 2)
('新日股份', 2)
('华强科技', 2)
('迪哲医药', 2)
('春立医疗', 2)
('天源环保', 2)
('汇洁股份', 2)
('亚泰集团', 2)
('合兴包装', 2)
('康辰药业', 2)
('渤海轮渡', 2)
('东方精工', 2)
('嘉欣丝绸', 2)
('国新文化', 2)
('先河环保', 2)
('成都燃气', 2)
('新疆天业', 2)
('伟思医疗', 2)
('浩欧博', 2)
('福立旺', 2)
('皖仪科技', 2)
('明新旭腾', 2)
('隆利科技', 2)
('长源东谷', 2)
('厦门银行', 2)
('宁波精达', 2)
('长光华芯', 2)
('金钟股份', 2)
('永安期货', 2)
('福建高速', 2)
('光力科技', 2)
('海利生物', 2)
('新余国科', 2)
('亚太股份', 2)
('联诚精密', 2)
('兴化股份', 2)
('万顺新材', 2)
('青岛港', 2)
('华茂股份', 2)
('凯龙高科', 2)
('韩建河山', 2)
('数字政通', 2)
('津滨发展', 2)
('银龙股份', 2)
('创业环保', 2)
('中化岩土', 2)
('泰达股份', 2)
('金田铜业', 2)
('锦鸡股份', 2)
('嘉美包装', 2)
('北鼎股份', 2)
('世纪天鸿', 2)
('吉大通信', 2)
('长虹华意', 2)
('国机汽车', 2)
('朗科科技', 2)
('秋田微', 2)
('恒铭达', 2)
('海星股份', 2)
('艾比森', 2)
('氯碱化工', 2)
('友讯达', 2)
('安迪苏', 2)
('神州高铁', 2)
('中原高速', 2)
('博瑞传播', 2)
('保利联合', 2)
('浙富控股', 2)
('科森科技', 2)
('元隆雅图', 2)
('恒华科技', 2)
('东方铁塔', 2)
('龙软科技', 2)
('晋亿实业', 2)
('金洲管道', 2)
('南兴股份', 2)
('鹏欣资源', 2)
('人民网', 2)
('新华网', 2)
('大名城', 2)
('哈药股份', 2)
('回天新材', 2)
('贝特瑞', 2)
('德马科技', 2)
('双鹭药业', 2)
('白银有色', 2)
('上海瀚讯', 2)
('彩虹股份', 2)
('捷安高科', 2)
('汉嘉设计', 2)
('省广集团', 2)
('祥生医疗', 2)
('中油工程', 2)
('民和股份', 2)
('九阳股份', 2)
('中再资环', 2)
('东方环宇', 2)
('艾德生物', 2)
('盛洋科技', 2)
('天味食品', 2)
('妙可蓝多', 2)
('渝开发', 2)
('泰禾集团', 2)
('行动教育', 2)
('普源精电', 2)
('兄弟科技', 2)
('华西证券', 2)
('川发龙蟒', 2)
('联德股份', 2)
('博俊科技', 2)
('江天化学', 2)
('卫信康', 2)
('华安证券', 2)
('甘化科工', 2)
('掌趣科技', 2)
('天娱数科', 2)
('花园生物', 2)
('节能风电', 2)
('三全食品', 2)
('中泰证券', 2)
('中山公用', 2)
('金钼股份', 2)
('鸿达兴业', 2)
('华创阳安', 2)
('中国一重', 2)
('国盛金控', 2)
('华邦健康', 2)
('二三四五', 2)
('成都先导', 2)
('网宿科技', 2)
('拓尔思', 2)
('科博达', 2)
('歌力思', 2)
('奥海科技', 2)
('蓝光发展', 2)
('湖南海利', 2)
('威海广泰', 2)
('光韵达', 2)
('康斯特', 2)
('航天发展', 2)
('清溢光电', 2)
('富信科技', 2)
('安宁股份', 2)
('海正药业', 2)
('方正证券', 2)
('达安基因', 2)
('信立泰', 2)
('怡亚通', 2)
('顺发恒业', 2)
('淳中科技', 2)
('奥福环保', 2)
('川仪股份', 2)
('万东医疗', 2)
('国新健康', 2)
('思创医惠', 2)
('沪光股份', 2)
('瑞丰新材', 2)
('*ST康美', 2)
('中源协和', 2)
('基蛋生物', 2)
('理工导航', 2)
('浙江新能', 2)
('深圳华强', 2)
('东微半导', 2)
('朗姿股份', 2)
('水羊股份', 2)
('南威软件', 2)
('润都股份', 2)
('大洋生物', 2)
('亚星锚链', 2)
('立高食品', 2)
('中红医疗', 2)
('正弦电气', 2)
('格林精密', 2)
('华瑞股份', 2)
('芯碁微装', 2)
('雅创电子', 2)
('华宏科技', 2)
('山东威达', 2)
('数码视讯', 2)
('欧比特', 2)
('洲明科技', 2)
('维宏股份', 2)
('远光软件', 2)
('东华能源', 2)
('振芯科技', 2)
('中望软件', 2)
('蓝黛科技', 2)
('亚辉龙', 2)
('三六五网', 2)
('亿利洁能', 2)
('思维列控', 2)
('华数传媒', 2)
('合力泰', 2)
('海能达', 2)
('龙源电力', 2)
('一品红', 2)
('博瑞医药', 2)
('捷成股份', 2)
('华伍股份', 2)
('金证股份', 2)
('旋极信息', 2)
('节能铁汉', 2)
('金发科技', 2)
('申菱环境', 2)
('岭南控股', 2)
('南大光电', 2)
('金沃股份', 2)
('康强电子', 2)
('科力远', 2)
('宁波韵升', 2)
('宝鼎科技', 2)
('赢时胜', 2)
('安科生物', 2)
('机器人', 2)
('柯力传感', 2)
('德生科技', 2)
('西仪股份', 2)
('上海莱士', 2)
('恒实科技', 2)
('迈得医疗', 2)
('万邦达', 2)
('中熔电气', 2)
('路德环境', 2)
('北汽蓝谷', 2)
('庞大集团', 2)
('广汇汽车', 2)
('力帆科技', 2)
('北方国际', 2)
('旗天科技', 2)
('科蓝软件', 2)
('中工国际', 2)
('道氏技术', 2)
('越剑智能', 2)
('百川能源', 2)
('阳光照明', 2)
('利通电子', 2)
('宝泰隆', 2)
('诺普信', 2)
('中银证券', 2)
('公元股份', 2)
('设计总院', 2)
('北矿科技', 2)
('华联控股', 2)
('奥园美谷', 2)
('电气风电', 2)
('莱茵生物', 2)
('京运通', 2)
('力生制药', 2)
('晨化股份', 2)
('凯利泰', 2)
('领益智造', 2)
('新澳股份', 2)
('苏盐井神', 2)
('永鼎股份', 2)
('豪美新材', 2)
('润和软件', 2)
('拉卡拉', 2)
('海联金汇', 2)
('地铁设计', 2)
('兰卫医学', 2)
('西点药业', 2)
('标榜股份', 2)
('钢研纳克', 2)
('和元生物', 2)
('湘油泵', 2)
('岭南股份', 2)
('迪普科技', 2)
('东北制药', 2)
('德尔股份', 2)
('卫光生物', 2)
('紫江企业', 2)
('闰土股份', 2)
('阿科力', 2)
('北新路桥', 1)
('人民同泰', 1)
('方盛制药', 1)
('南京港', 1)
('海峡环保', 1)
('珠江钢琴', 1)
('红墙股份', 1)
('湖南投资', 1)
('凯盛新材', 1)
('宏昌电子', 1)
('兆日科技', 1)
('万兴科技', 1)
('美凯龙', 1)
('华林证券', 1)
('厦工股份', 1)
('先锋电子', 1)
('冠城大通', 1)
('国金证券', 1)
('康弘药业', 1)
('天虹股份', 1)
('凯因科技', 1)
('海天股份', 1)
('长龄液压', 1)
('同力日升', 1)
('苏州科达', 1)
('广电电气', 1)
('榕基软件', 1)
('纽威数控', 1)
('和达科技', 1)
('卓锦股份', 1)
('双箭股份', 1)
('华北制药', 1)
('中科金财', 1)
('日出东方', 1)
('中国中期', 1)
('*ST科迪', 1)
('鼎阳科技', 1)
('弘信电子', 1)
('东方时尚', 1)
('山鹰国际', 1)
('万年青', 1)
('三峰环境', 1)
('绿色动力', 1)
('凯伦股份', 1)
('泰慕士', 1)
('雷科防务', 1)
('宁波海运', 1)
('华兰股份', 1)
('万和电气', 1)
('优刻得', 1)
('华依科技', 1)
('中科通达', 1)
('内蒙新华', 1)
('晶丰明源', 1)
('重庆百货', 1)
('智洋创新', 1)
('昀冢科技', 1)
('上海石化', 1)
('浙江交科', 1)
('炬芯科技', 1)
('中自科技', 1)
('孩子王', 1)
('太阳能', 1)
('润阳科技', 1)
('招标股份', 1)
('坤恒顺维', 1)
('众合科技', 1)
('中化国际', 1)
('新劲刚', 1)
('深赛格', 1)
('富奥股份', 1)
('万讯自控', 1)
('严牌股份', 1)
('百胜智能', 1)
('邵阳液压', 1)
('运达科技', 1)
('东方国信', 1)
('潮宏基', 1)
('明志科技', 1)
('盛讯达', 1)
('上海电影', 1)
('横店影视', 1)
('东尼电子', 1)
('嘉应制药', 1)
('远大控股', 1)
('水发燃气', 1)
('汉商集团', 1)
('九丰能源', 1)
('蓝焰控股', 1)
('淮河能源', 1)
('陕西建工', 1)
('浙数文化', 1)
('华媒控股', 1)
('中体产业', 1)
('大洋电机', 1)
('地素时尚', 1)
('确成股份', 1)
('国网英大', 1)
('中国国贸', 1)
('煜邦电力', 1)
('荣昌生物', 1)
('嘉和美康', 1)
('法狮龙', 1)
('君正集团', 1)
('九鼎投资', 1)
('云南锗业', 1)
('联络互动', 1)
('华仁药业', 1)
('阳谷华泰', 1)
('利欧股份', 1)
('万达信息', 1)
('信隆健康', 1)
('永艺股份', 1)
('华阳国际', 1)
('新亚强', 1)
('红旗连锁', 1)
('国联水产', 1)
('宝钢包装', 1)
('尚品宅配', 1)
('科华数据', 1)
('理邦仪器', 1)
('柳钢股份', 1)
('中瓷电子', 1)
('深物业A', 1)
('硕世生物', 1)
('经纬纺机', 1)
('久其软件', 1)
('嘉事堂', 1)
('光华科技', 1)
('梅安森', 1)
('广电计量', 1)
('嘉泽新能', 1)
('奥来德', 1)
('海立股份', 1)
('佳沃食品', 1)
('国投资本', 1)
('一汽解放', 1)
('千味央厨', 1)
('安纳达', 1)
('苏利股份', 1)
('正川股份', 1)
('天保基建', 1)
('三友医疗', 1)
('太平鸟', 1)
('南极电商', 1)
('青松股份', 1)
('中国动力', 1)
('紫天科技', 1)
('航发科技', 1)
('天茂集团', 1)
('爱施德', 1)
('威尔药业', 1)
('皖维高新', 1)
('先达股份', 1)
('长虹能源', 1)
('大立科技', 1)
('富春股份', 1)
('梦百合', 1)
('诚益通', 1)
('时代新材', 1)
('富森美', 1)
('豪森股份', 1)
('华正新材', 1)
('辉隆股份', 1)
('城建发展', 1)
('精锻科技', 1)
('和林微纳', 1)
('中天火箭', 1)
('三旺通信', 1)
('龙元建设', 1)
('中泰化学', 1)
('科思股份', 1)
('易华录', 1)
('新天然气', 1)
('恒逸石化', 1)
('熊猫乳品', 1)
('广联航空', 1)
('狄耐克', 1)
('兆龙互连', 1)
('北部湾港', 1)
('久吾高科', 1)
('太阳电缆', 1)
('中孚信息', 1)
('振江股份', 1)
('翠微股份', 1)
('锋尚文化', 1)
('中文在线', 1)
('优利德', 1)
('江河集团', 1)
('贵州三力', 1)
('思进智能', 1)
('佳缘科技', 1)
('振东制药', 1)
('沙河股份', 1)
('诺禾致源', 1)
('湖北广电', 1)
('雄帝科技', 1)
('深圳燃气', 1)
('三聚环保', 1)
('悦安新材', 1)
('凯盛科技', 1)
('弘业股份', 1)
('双塔食品', 1)
('四方科技', 1)
