'晶科能源'
'山煤国际'
'华特达因'
'新五丰'
'众生药业'
'红星发展'
'华康医疗'
'旺能环境'
'盘江股份'
'中交地产'
'永辉超市'
'善水科技'
'坤彩科技'
'双良节能'
'力芯微'
'东瑞股份'
'三孚股份'
'震裕科技'
'金新农'
'采纳股份'
'中国医药'
'拓新药业'
'黄山旅游'
'鹿山新材'
'水星家纺'
'沧州大化'
'晨光新材'
'南山控股'
'康恩贝'
'宁夏建材'
'吉翔股份'
'微光股份'
'北京城乡'
'隆华新材'
'圣元环保'
'九安医疗'
'泰和科技'
'特宝生物'
'华秦科技'
'聚飞光电'
'达嘉维康'
'一拖股份'
'恒源煤电'
'臻镭科技'
'方正电机'
'深桑达A'
'东方集团'
'东宏股份'
'数字认证'
'嘉澳环保'
'曲江文旅'
'协鑫能科'
'世华科技'
'上海梅林'
'上海钢联'
'天邑股份'
'汇得科技'
'华安鑫创'
'佳发教育'
'益佰制药'
'三元生物'
'优博讯'
'北京利尔'
'双环科技'
'蔚蓝生物'
'诚意药业'
'华夏幸福'
'翱捷科技'
'盛弘股份'
'千方科技'
'华懋科技'
'新国都'
'指南针'
'苑东生物'
'航天信息'
'富祥药业'
'数据港'
'恒光股份'
'诚达药业'
'万祥科技'
'华达科技'
'海宁皮城'
'齐峰新材'
'信维通信'
'声迅股份'
'祁连山'
'东华测试'
'南网科技'
'山西焦化'
'信达地产'
'力合科创'
'海泰发展'
'建业股份'
'凯立新材'
'新天绿能'
'步长制药'
'凤凰光学'
'西部建设'
'*ST信威'
'东岳硅材'
'深天马A'
'天岳先进'
'中国出版'
'中储股份'
'兴业矿业'
'富春环保'
'节能国祯'
'东江环保'
'耐普矿机'
'德邦股份'
'辽港股份'
'银都股份'
'热景生物'
'丽江股份'
'中触媒'
'百傲化学'
'哈尔斯'
'动力新科'
'东易日盛'
'长青股份'
'红蜻蜓'
'通鼎互联'
'苏交科'
'芯导科技'
'华润材料'
'明月镜片'
'京基智农'
'河钢资源'
'黑牡丹'
'科前生物'
'金种子酒'
'长沙银行'
'中色股份'
'现代投资'
'银邦股份'
'德美化工'
'丝路视觉'
'探路者'
'涪陵电力'
'杭州柯林'
'泽璟制药'
'电广传媒'
'新开源'
'创耀科技'
'利安隆'
'有方科技'
'浪潮软件'
'富吉瑞'
'金海高科'
'ST宏图'
'绿城水务'
'国恩股份'
'美亚柏科'
'宁水集团'
'莱宝高科'
'鲁抗医药'
'渤海租赁'
'汇宇制药'
'莱尔科技'
'力诺特玻'
'烟台冰轮'
'银河电子'
'美盈森'
'福日电子'
'中复神鹰'
'宁波建工'
'甘肃电投'
'兴通股份'
'天阳科技'
'南国置业'
'广宇集团'
'灿勤科技'
'重庆银行'
'开滦股份'
'巨一科技'
'*ST恒誉'
'厦门空港'
'振华重工'
'福晶科技'
'国旅联合'
'海象新材'
'长飞光纤'
'争光股份'
'起帆电缆'
'华强科技'
'迪哲医药'
'春立医疗'
'康辰药业'
'渤海轮渡'
'国新文化'
'成都燃气'
'长源东谷'
'宁波精达'
'长光华芯'
'联诚精密'
'兴化股份'
'万顺新材'
'青岛港'
'华茂股份'
'凯龙高科'
'中化岩土'
'金田铜业'
'锦鸡股份'
'嘉美包装'
'吉大通信'
'长虹华意'
'国机汽车'
'朗科科技'
'秋田微'
'恒铭达'
'艾比森'
'氯碱化工'
'博瑞传播'
'保利联合'
'恒华科技'
'大名城'
'哈药股份'
'贝特瑞'
'德马科技'
'双鹭药业'
'汉嘉设计'
'省广集团'
'祥生医疗'
'中油工程'
'民和股份'
'东方环宇'
'盛洋科技'
'渝开发'
'泰禾集团'
'行动教育'
'普源精电'
'兄弟科技'
'联德股份'
'卫信康'
'甘化科工'
'天娱数科'
'花园生物'
'中山公用'
'华创阳安'
'中国一重'
'华邦健康'
'二三四五'
'网宿科技'
'拓尔思'
'歌力思'
'蓝光发展'
'湖南海利'
'清溢光电'
'富信科技'
'沪光股份'
'*ST康美'
'理工导航'
'浙江新能'
'东微半导'
'水羊股份'
'南威软件'
'润都股份'
'大洋生物'
'华瑞股份'
'远光软件'
'蓝黛科技'
'亚辉龙'
'三六五网'
'亿利洁能'
'思维列控'
'合力泰'
'海能达'
'龙源电力'
'旋极信息'
'节能铁汉'
'申菱环境'
'岭南控股'
'南大光电'
'康强电子'
'科力远'
'宝鼎科技'
'赢时胜'
'机器人'
'德生科技'
'西仪股份'
'上海莱士'
'万邦达'
'路德环境'
'北方国际'
'科蓝软件'
'中工国际'
'道氏技术'
'越剑智能'
'百川能源'
'利通电子'
'中银证券'
'公元股份'
'设计总院'
'北矿科技'
'奥园美谷'
'莱茵生物'
'力生制药'
'晨化股份'
'凯利泰'
'领益智造'
'新澳股份'
'苏盐井神'
'永鼎股份'
'豪美新材'
'润和软件'
'海联金汇'
'兰卫医学'
'西点药业'
'标榜股份'
'钢研纳克'
'和元生物'
'岭南股份'
'东北制药'
'卫光生物'
'阿科力'
'北新路桥'
'方盛制药'
'南京港'
'海峡环保'
'红墙股份'
'湖南投资'
'宏昌电子'
'美凯龙'
'厦工股份'
'先锋电子'
'冠城大通'
'天虹股份'
'苏州科达'
'广电电气'
'榕基软件'
'中科金财'
'日出东方'
'中国中期'
'*ST科迪'
'万年青'
'绿色动力'
'凯伦股份'
'雷科防务'
'宁波海运'
'华兰股份'
'优刻得'
'上海石化'
'炬芯科技'
'孩子王'
'太阳能'
'坤恒顺维'
'众合科技'
'中化国际'
'新劲刚'
'严牌股份'
'百胜智能'
'邵阳液压'
'盛讯达'
'上海电影'
'东尼电子'
'嘉应制药'
'远大控股'
'水发燃气'
'汉商集团'
'淮河能源'
'华媒控股'
'确成股份'
'荣昌生物'
'嘉和美康'
'法狮龙'
'九鼎投资'
'万达信息'
'永艺股份'
'新亚强'
'国联水产'
'柳钢股份'
'深物业A'
'硕世生物'
'经纬纺机'
'久其软件'
'光华科技'
'梅安森'
'嘉泽新能'
'奥来德'
'佳沃食品'
'一汽解放'
'安纳达'
'苏利股份'
'正川股份'
'天保基建'
'青松股份'
'紫天科技'
'皖维高新'
'富春股份'
'诚益通'
'富森美'
'豪森股份'
'城建发展'
'精锻科技'
'和林微纳'
'三旺通信'
'新天然气'
'恒逸石化'
'太阳电缆'
'翠微股份'
'优利德'
'江河集团'
'贵州三力'
'佳缘科技'
'振东制药'
'沙河股份'
'湖北广电'
'雄帝科技'
'深圳燃气'
'弘业股份'
'双塔食品'
("'云天化'", 1440)
("'中远海能'", 1378)
("'钧达股份'", 1345)
("'华统股份'", 1297)
("'聚辰股份'", 1250)
("'广东鸿图'", 1204)
("'江山股份'", 1174)
("'康缘药业'", 1163)
("'天地科技'", 1162)
("'冀中能源'", 1108)
("'中科软'", 1108)
("'天健集团'", 1089)
("'峨眉山A'", 1024)
("'君亭酒店'", 1018)
("'江化微'", 995)
("'中粮糖业'", 994)
("'中科曙光'", 983)
("'驰宏锌锗'", 973)
("'淮北矿业'", 970)
("'新点软件'", 965)
("'郑煤机'", 958)
("'久日新材'", 953)
("'谱尼测试'", 948)
("'宏力达'", 926)
("'史丹利'", 893)
("'中航产融'", 881)
("'众业达'", 880)
("'唐山港'", 875)
("'利亚德'", 868)
("'纳微科技'", 838)
("'大地熊'", 837)
("'国元证券'", 824)
("'滨江集团'", 823)
("'凯撒旅业'", 822)
("'鲁泰A'", 820)
("'普莱柯'", 817)
("'昊华能源'", 814)
("'金城医药'", 813)
("'黄河旋风'", 810)
("'欧科亿'", 803)
("'康达新材'", 803)
("'龙净环保'", 802)
("'京新药业'", 797)
("'黑猫股份'", 796)
("'京北方'", 790)
("'豫园股份'", 788)
("'友发集团'", 785)
("'首钢股份'", 783)
("'中煤能源'", 772)
("'三人行'", 768)
("'赢合科技'", 768)
("'海格通信'", 764)
("'中国银河'", 756)
("'创维数字'", 748)
("'江阴银行'", 746)
("'太极股份'", 737)
("'瑞可达'", 731)
("'飞凯材料'", 729)
("'丰元股份'", 715)
("'重庆水务'", 713)
("'东威科技'", 712)
("'北大荒'", 711)
("'王府井'", 707)
("'同益中'", 704)
("'巨星农牧'", 701)
("'派克新材'", 697)
("'禾丰股份'", 694)
("'云海金属'", 692)
("'力量钻石'", 689)
("'靖远煤电'", 674)
("'山东路桥'", 671)
("'北清环能'", 671)
("'南都电源'", 666)
("'中新赛克'", 666)
("'澳华内镜'", 665)
("'兰花科创'", 664)
("'索通发展'", 664)
("'雪天盐业'", 663)
("'粤万年青'", 661)
("'明德生物'", 660)
("'浦东金桥'", 657)
("'天润乳业'", 657)
("'天目湖'", 635)
("'东方生物'", 632)
("'吉林碳谷'", 632)
("'禾迈股份'", 626)
("'金圆股份'", 625)
("'江苏国泰'", 625)
("'众信旅游'", 623)
("'申通快递'", 622)
("'山西焦煤'", 616)
("'凯普生物'", 616)
("'渝农商行'", 614)
("'首开股份'", 614)
("'巴比食品'", 614)
("'华谊集团'", 610)
("'濮阳惠成'", 609)
("'卓越新能'", 609)
("'移为通信'", 608)
("'鞍钢股份'", 601)
("'齐心集团'", 598)
("'精工钢构'", 595)
("'晋控煤业'", 590)
("'神州信息'", 589)
("'英飞特'", 582)
("'吉林化纤'", 579)
("'马钢股份'", 577)
("'光迅科技'", 576)
("'三友化工'", 573)
("'先惠技术'", 573)
("'高测股份'", 569)
("'宝兰德'", 569)
("'君实生物'", 568)
("'天邦股份'", 568)
("'中联重科'", 559)
("'嘉化能源'", 558)
("'巨化股份'", 552)
("'梅花生物'", 547)
("'山东高速'", 542)
("'保龄宝'", 539)
("'平煤股份'", 538)
("'中南建设'", 536)
("'江西铜业'", 534)
("'广东宏大'", 534)
("'中原传媒'", 528)
("'百隆东方'", 517)
("'特锐德'", 517)
("'福瑞股份'", 517)
("'超声电子'", 517)
("'翔丰华'", 516)
("'建发股份'", 513)
("'云图控股'", 512)
("'燕塘乳业'", 511)
("'安徽建工'", 510)
("'福田汽车'", 508)
("'天山铝业'", 505)
("'瑞联新材'", 505)
("'辰安科技'", 505)
("'新兴铸管'", 497)
("'晨光生物'", 496)
("'湖南黄金'", 494)
("'富煌钢构'", 489)
("'中青旅'", 487)
("'中南传媒'", 487)
("'伊力特'", 484)
("'百诚医药'", 480)
("'飞科电器'", 480)
("'隧道股份'", 480)
("'恒邦股份'", 478)
("'华扬联众'", 478)
("'盐津铺子'", 473)
("'浩洋股份'", 468)
("'米奥会展'", 468)
("'英搏尔'", 464)
("'和邦生物'", 458)
("'海南橡胶'", 456)
("'安旭生物'", 453)
("'皖通高速'", 451)
("'陆家嘴'", 448)
("'平高电气'", 448)
("'唐人神'", 443)
("'海洋王'", 442)
("'以岭药业'", 438)
("'东华科技'", 437)
("'汇创达'", 437)
("'佩蒂股份'", 434)
("'柳工'", 432)
("'云南铜业'", 431)
("'盛航股份'", 424)
("'铜陵有色'", 422)
("'国安达'", 421)
("'正海生物'", 421)
("'白云山'", 418)
("'航锦科技'", 414)
("'江山欧派'", 413)
("'江丰电子'", 412)
("'姚记科技'", 412)
("'珠海冠宇'", 409)
("'赞宇科技'", 408)
("'物产中大'", 405)
("'傲农生物'", 403)
("'顶点软件'", 403)
("'北京银行'", 401)
("'立方制药'", 393)
("'西部黄金'", 391)
("'沪硅产业'", 387)
("'凯尔达'", 387)
("'中来股份'", 386)
("'歌华有线'", 384)
("'远兴能源'", 383)
("'小商品城'", 383)
("'金隅集团'", 381)
("'神火股份'", 380)
("'云铝股份'", 378)
("'东南网架'", 378)
("'有友食品'", 378)
("'国联股份'", 376)
("'中国石油'", 375)
("'沙钢股份'", 373)
("'永新光学'", 366)
("'尖峰集团'", 366)
("'天风证券'", 365)
("'蒙娜丽莎'", 364)
("'上峰水泥'", 363)
("'新集能源'", 363)
("'新希望'", 362)
("'上海电气'", 360)
("'中粮科技'", 359)
("'农发种业'", 358)
("'天下秀'", 358)
("'亚虹医药'", 355)
("'潞安环能'", 354)
("'凤凰传媒'", 351)
("'绿地控股'", 349)
("'普联软件'", 348)
("'大博医疗'", 343)
("'厦门国贸'", 342)
("'东华软件'", 341)
("'吉视传媒'", 339)
("'成大生物'", 338)
("'电投能源'", 337)
("'四创电子'", 337)
("'神工股份'", 336)
("'金科股份'", 335)
("'天马科技'", 331)
("'天原股份'", 330)
("'伊之密'", 327)
("'和胜股份'", 325)
("'华发股份'", 322)
("'苏垦农发'", 322)
("'八一钢铁'", 322)
("'同和药业'", 321)
("'美畅股份'", 318)
("'五矿稀土'", 318)
("'寿仙谷'", 317)
("'江苏租赁'", 315)
("'鹏辉能源'", 313)
("'中伟股份'", 313)
("'昊海生科'", 313)
("'振华新材'", 312)
("'元利科技'", 311)
("'振华股份'", 311)
("'全志科技'", 311)
("'茂业商业'", 311)
("'佐力药业'", 309)
("'华设集团'", 309)
("'新湖中宝'", 307)
("'安徽合力'", 302)
("'联创股份'", 292)
("'华侨城A'", 290)
("'华润三九'", 288)
("'无锡银行'", 288)
("'兴瑞科技'", 288)
("'山东玻纤'", 285)
("'武商集团'", 284)
("'艾为电子'", 283)
("'中国中冶'", 283)
("'正邦科技'", 280)
("'超图软件'", 280)
("'中国铁建'", 274)
("'荣盛发展'", 274)
("'海力风电'", 274)
("'司太立'", 273)
("'瀚川智能'", 272)
("'光庭信息'", 270)
("'华阳股份'", 264)
("'复星医药'", 261)
("'赤峰黄金'", 259)
("'海达股份'", 259)
("'新奥股份'", 257)
("'冀东水泥'", 256)
("'国联证券'", 255)
("'广电运通'", 255)
("'苏农银行'", 253)
("'大东方'", 252)
("'阳光诺和'", 247)
("'昭衍新药'", 245)
("'江特电机'", 245)
("'垒知集团'", 245)
("'张家港行'", 244)
("'航民股份'", 244)
("'天康生物'", 243)
("'太极集团'", 243)
("'上海家化'", 241)
("'健盛集团'", 240)
("'三联虹普'", 238)
("'洛阳钼业'", 237)
("'新安股份'", 233)
("'三特索道'", 233)
("'北鼎股份'", 232)
("'天能重工'", 230)
("'新天药业'", 229)
("'星源材质'", 223)
("'图南股份'", 221)
("'松井股份'", 221)
("'安集科技'", 220)
("'隆盛科技'", 220)
("'红日药业'", 220)
("'巨人网络'", 220)
("'绿盟科技'", 220)
("'信安世纪'", 219)
("'苏州银行'", 217)
("'松原股份'", 217)
("'柳药股份'", 217)
("'万孚生物'", 215)
("'上海机场'", 211)
("'万向德农'", 208)
("'东方电热'", 207)
("'奥翔药业'", 205)
("'中闽能源'", 204)
("'安靠智电'", 204)
("'宝胜股份'", 204)
("'芯源微'", 202)
("'盛屯矿业'", 201)
("'四维图新'", 200)
("'全信股份'", 200)
("'荃银高科'", 199)
("'普利特'", 199)
("'中曼石油'", 199)
("'中信银行'", 198)
("'中国交建'", 197)
("'罗莱生活'", 197)
("'兖矿能源'", 196)
("'中旗股份'", 196)
("'新大陆'", 196)
("'新华保险'", 195)
("'金牌厨柜'", 195)
("'春秋电子'", 195)
("'中远海发'", 194)
("'国民技术'", 194)
("'山东黄金'", 192)
("'新城控股'", 190)
("'豪能股份'", 190)
("'方大特钢'", 189)
("'会稽山'", 186)
("'新洁能'", 185)
("'中铁装配'", 185)
("'华润双鹤'", 185)
("'浙江建投'", 185)
("'爱乐达'", 183)
("'四方达'", 182)
("'菱电电控'", 180)
("'金达威'", 179)
("'健麾信息'", 179)
("'新钢股份'", 178)
("'乐普医疗'", 177)
("'润建股份'", 177)
("'中原高速'", 177)
("'科森科技'", 177)
("'紫光股份'", 174)
("'博彦科技'", 174)
("'鹏欣资源'", 174)
("'粤电力A'", 172)
("'神州高铁'", 172)
("'金刚玻璃'", 171)
("'上海医药'", 170)
("'顺发恒业'", 170)
("'华微电子'", 168)
("'深高速'", 166)
("'湖北宜化'", 166)
("'粤水电'", 164)
("'万泰生物'", 163)
("'扬杰科技'", 163)
("'泽宇智能'", 162)
("'智明达'", 161)
("'福建高速'", 161)
("'中矿资源'", 160)
("'同仁堂'", 159)
("'盛通股份'", 158)
("'朗姿股份'", 158)
("'华润微'", 157)
("'中粮工科'", 157)
("'白云机场'", 156)
("'天际股份'", 156)
("'优宁维'", 156)
("'中信出版'", 156)
("'中国石化'", 154)
("'天坛生物'", 154)
("'锡业股份'", 154)
("'山东海化'", 154)
("'天源环保'", 153)
("'银泰黄金'", 152)
("'华翔股份'", 152)
("'中国中铁'", 149)
("'华夏银行'", 149)
("'大秦铁路'", 148)
("'招商轮船'", 147)
("'四川双马'", 147)
("'圆通速递'", 145)
("'康泰生物'", 145)
("'中国银行'", 145)
("'盟升电子'", 145)
("'中钢天源'", 145)
("'聚合顺'", 144)
("'华铁应急'", 143)
("'海德股份'", 143)
("'芯能科技'", 140)
("'涪陵榨菜'", 139)
("'济川药业'", 139)
("'鑫铂股份'", 139)
("'精功科技'", 139)
("'苏泊尔'", 138)
("'江苏银行'", 136)
("'广汇能源'", 135)
("'斯达半导'", 135)
("'志邦家居'", 135)
("'塔牌集团'", 135)
("'青岛银行'", 134)
("'成都银行'", 133)
("'天奇股份'", 133)
("'中牧股份'", 132)
("'深圳机场'", 132)
("'中熔电气'", 132)
("'拓普集团'", 131)
("'中材国际'", 131)
("'沪电股份'", 130)
("'内蒙华电'", 129)
("'容百科技'", 128)
("'郑州银行'", 128)
("'彤程新材'", 127)
("'长亮科技'", 127)
("'美迪西'", 126)
("'招商公路'", 126)
("'杭州银行'", 125)
("'凯美特气'", 125)
("'亚钾国际'", 124)
("'雅戈尔'", 122)
("'豪迈科技'", 122)
("'能科科技'", 122)
("'清新环境'", 122)
("'民生银行'", 120)
("'一品红'", 119)
("'太阳纸业'", 115)
("'恒力石化'", 115)
("'三峡水利'", 115)
("'康龙化成'", 114)
("'润丰股份'", 114)
("'中信特钢'", 113)
("'新洋丰'", 112)
("'立中集团'", 112)
("'常熟银行'", 111)
("'杭氧股份'", 110)
("'青鸟消防'", 109)
("'通化东宝'", 109)
("'宏微科技'", 109)
("'中科电气'", 107)
("'齐翔腾达'", 107)
("'中国软件'", 107)
("'中新药业'", 106)
("'永泰能源'", 106)
("'南京银行'", 104)
("'上声电子'", 104)
("'大悦城'", 104)
("'国机精工'", 100)
("'融捷股份'", 99)
("'美格智能'", 97)
("'迈克生物'", 97)
("'保隆科技'", 97)
("'博实股份'", 96)
("'海目星'", 96)
("'易德龙'", 96)
("'地铁设计'", 96)
("'陕西煤业'", 95)
("'东航物流'", 95)
("'天奈科技'", 94)
("'东阳光'", 94)
("'奇安信'", 94)
("'吉电股份'", 93)
("'锦浪科技'", 91)
("'迪威尔'", 91)
("'鸥玛软件'", 90)
("'华荣股份'", 89)
("'康华生物'", 89)
("'新兴装备'", 89)
("'帝尔激光'", 88)
("'航天宏图'", 88)
("'金诚信'", 88)
("'凌霄泵业'", 86)
("'贝斯特'", 86)
("'德方纳米'", 83)
("'华新水泥'", 83)
("'招商积余'", 83)
("'厦门象屿'", 83)
("'黔源电力'", 83)
("'元隆雅图'", 83)
("'心脉医疗'", 82)
("'视源股份'", 81)
("'皓元医药'", 81)
("'立华股份'", 80)
("'中控技术'", 80)
("'国药股份'", 80)
("'中微公司'", 79)
("'宝信软件'", 79)
("'大全能源'", 79)
("'派林生物'", 79)
("'亿联网络'", 78)
("'新莱应材'", 78)
("'四川路桥'", 78)
("'百普赛斯'", 78)
("'申昊科技'", 78)
("'交通银行'", 77)
("'固德威'", 77)
("'内蒙一机'", 77)
("'新易盛'", 76)
("'牧原股份'", 74)
("'首旅酒店'", 74)
("'中国核电'", 73)
("'炬光科技'", 73)
("'天奥电子'", 73)
("'双环传动'", 72)
("'瀚蓝环境'", 72)
("'宁波华翔'", 72)
("'通富微电'", 72)
("'天华超净'", 71)
("'恩华药业'", 71)
("'建设银行'", 70)
("'比音勒芬'", 70)
("'英科医疗'", 70)
("'藏格矿业'", 69)
("'华熙生物'", 69)
("'南钢股份'", 68)
("'索菲亚'", 67)
("'七一二'", 67)
("'聚光科技'", 66)
("'佳禾智能'", 66)
("'登海种业'", 65)
("'中国神华'", 64)
("'广州酒家'", 64)
("'五洲新春'", 64)
("'健帆生物'", 63)
("'上机数控'", 63)
("'华菱钢铁'", 62)
("'创世纪'", 62)
("'中海油服'", 62)
("'农业银行'", 61)
("'西部超导'", 61)
("'东方电缆'", 58)
("'中简科技'", 58)
("'中国建筑'", 57)
("'东吴证券'", 57)
("'粤高速A'", 57)
("'宇信科技'", 56)
("'中信重工'", 56)
("'温氏股份'", 55)
("'中国国航'", 55)
("'联化科技'", 55)
("'中芯国际'", 54)
("'华软科技'", 54)
("'移远通信'", 53)
("'嘉元科技'", 53)
("'西藏矿业'", 53)
("'洛阳玻璃'", 53)
("'华天科技'", 52)
("'迈得医疗'", 52)
("'中国移动'", 51)
("'中国汽研'", 51)
("'鹏都农牧'", 51)
("'贝泰妮'", 49)
("'盛新锂能'", 48)
("'东方通'", 48)
("'博威合金'", 48)
("'菲利华'", 47)
("'中兵红箭'", 47)
("'广晟有色'", 47)
("'华鲁恒升'", 46)
("'卫士通'", 46)
("'新益昌'", 46)
("'龙磁科技'", 46)
("'华帝股份'", 46)
("'利民股份'", 46)
("'意华股份'", 45)
("'硅宝科技'", 45)
("'鼎胜新材'", 45)
("'圣邦股份'", 44)
("'中航沈飞'", 44)
("'天铁股份'", 44)
("'仲景食品'", 44)
("'捷成股份'", 44)
("'隆平高科'", 43)
("'TCL科技'", 43)
("'海尔生物'", 43)
("'爱美客'", 41)
("'雅化集团'", 41)
("'艾迪精密'", 41)
("'石英股份'", 40)
("'盛美上海'", 40)
("'今世缘'", 38)
("'工业富联'", 38)
("'璞泰来'", 37)
("'扬农化工'", 37)
("'奥瑞金'", 37)
("'智飞生物'", 36)
("'苏试试验'", 36)
("'广汽集团'", 36)
("'中国铝业'", 36)
("'丽珠集团'", 36)
("'中国联通'", 35)
("'睿智医药'", 35)
("'博腾股份'", 34)
("'锦江酒店'", 33)
("'亿嘉和'", 33)
("'海油工程'", 32)
("'新和成'", 31)
("'国泰君安'", 31)
("'京沪高铁'", 31)
("'鲁西化工'", 31)
("'辽宁成大'", 31)
("'汉得信息'", 31)
("'士兰微'", 30)
("'华夏航空'", 30)
("'科德数控'", 30)
("'阳光城'", 30)
("'中国人寿'", 28)
("'中环环保'", 28)
("'紫金矿业'", 26)
("'德尔股份'", 26)
("'金地集团'", 25)
("'招商蛇口'", 25)
("'迪阿股份'", 25)
("'中环股份'", 24)
("'韵达股份'", 24)
("'科大讯飞'", 24)
("'川投能源'", 24)
("'壹网壹创'", 24)
("'德赛西威'", 23)
("'科达利'", 23)
("'浙江龙盛'", 23)
("'法拉电子'", 22)
("'特变电工'", 22)
("'奕瑞科技'", 22)
("'海泰新光'", 22)
("'盛达资源'", 22)
("'亨通光电'", 21)
("'汤臣倍健'", 21)
("'益生股份'", 21)
("'工商银行'", 20)
("'纳思达'", 20)
("'鸣志电器'", 20)
("'浙江美大'", 20)
("'双汇发展'", 19)
("'安图生物'", 19)
("'中天科技'", 18)
("'澜起科技'", 18)
("'九州通'", 18)
("'国电电力'", 18)
("'中远海控'", 17)
("'华能水电'", 16)
("'传化智联'", 16)
("'多氟多'", 15)
("'承德露露'", 15)
("'成都先导'", 15)
("'视觉中国'", 14)
("'药石科技'", 13)
("'中谷物流'", 13)
("'博思软件'", 13)
("'保利发展'", 12)
("'海螺水泥'", 12)
("'中颖电子'", 12)
("'康德莱'", 12)
("'胜宏科技'", 11)
("'利元亨'", 11)
("'伯特利'", 10)
("'当升科技'", 10)
("'华大基因'", 10)
("'通威股份'", 9)
("'安井食品'", 9)
("'捷顺科技'", 9)
("'星期六'", 8)
("'复旦微电'", 8)
("'兴业银行'", 7)
("'泰格医药'", 7)
("'紫光国微'", 6)
("'华友钴业'", 6)
("'北方华创'", 6)
("'万科A'", 6)
("'劲嘉股份'", 6)
("'老凤祥'", 6)
("'中国长城'", 6)
("'森特股份'", 6)
("'赣锋锂业'", 5)
("'欧派家居'", 5)
("'宝丰能源'", 5)
("'科锐国际'", 5)
("'药明康德'", 4)
("'比亚迪'", 4)
("'中国平安'", 4)
("'振华科技'", 4)
("'宁波银行'", 3)
("'长江电力'", 3)
("'邮储银行'", 3)
("'宁德时代'", 1)
("'招商银行'", 1)
("'隆基股份'", 1)
("'迈瑞医疗'", 1)
("'恩捷股份'", 1)
("'晶晨股份'", 1)
("'光大银行'", 1)
("'四方光电'", 1)
("'中航西飞'", 0)
("'洪城环境'", 0)
("'盈康生命'", 0)
("'上海临港'", 0)
("'贵州茅台'", -1)
("'平安银行'", -1)
("'晶盛机电'", -1)
("'久立特材'", -1)
("'阿拉丁'", -1)
("'伊利股份'", -2)
("'明泰铝业'", -2)
("'九洲药业'", -2)
("'普洛药业'", -2)
("'杰瑞股份'", -2)
("'永创智能'", -2)
("'东方财富'", -3)
("'晶澳科技'", -3)
("'中航重机'", -3)
("'五粮液'", -4)
("'美的集团'", -4)
("'东软集团'", -4)
("'壹石通'", -4)
("'泸州老窖'", -5)
("'中信证券'", -5)
("'兆易创新'", -5)
("'凯莱英'", -5)
("'天合光能'", -5)
("'火星人'", -5)
("'天山股份'", -5)
("'爱玛科技'", -5)
("'奥克股份'", -5)
("'万东医疗'", -5)
("'三七互娱'", -6)
("'天齐锂业'", -7)
("'山西汾酒'", -7)
("'盐湖股份'", -7)
("'桐昆股份'", -7)
("'石大胜华'", -7)
("'鼎龙股份'", -8)
("'海康威视'", -9)
("'天士力'", -9)
("'东方雨虹'", -10)
("'广联达'", -10)
("'健之佳'", -10)
("'人民网'", -10)
("'立讯精密'", -11)
("'格力电器'", -11)
("'华恒生物'", -11)
("'亿纬锂能'", -12)
("'顾家家居'", -12)
("'华测检测'", -12)
("'洋河股份'", -13)
("'奥特维'", -13)
("'中国中免'", -14)
("'中航光电'", -14)
("'北方稀土'", -14)
("'酒鬼酒'", -14)
("'通策医疗'", -14)
("'福斯特'", -15)
("'永兴材料'", -15)
("'美诺华'", -15)
("'海尔智家'", -16)
("'天赐材料'", -16)
("'爱尔眼科'", -16)
("'青岛啤酒'", -16)
("'洽洽食品'", -16)
("'华峰测控'", -16)
("'南方航空'", -16)
("'大北农'", -17)
("'阳光电源'", -18)
("'口子窖'", -18)
("'中国电建'", -19)
("'海天味业'", -19)
("'有研新材'", -19)
("'申能股份'", -19)
("'中国化学'", -20)
("'新雷能'", -20)
("'杰克股份'", -20)
("'沃森生物'", -21)
("'申万宏源'", -21)
("'新华医疗'", -22)
("'广发证券'", -23)
("'中科创达'", -23)
("'晶方科技'", -23)
("'公牛集团'", -23)
("'神驰机电'", -23)
("'上汽集团'", -24)
("'密尔克卫'", -24)
("'泰和新材'", -24)
("'曲美家居'", -24)
("'阿尔特'", -24)
("'京东方A'", -25)
("'德业股份'", -25)
("'再升科技'", -25)
("'国瓷材料'", -26)
("'韦尔股份'", -27)
("'航发动力'", -27)
("'恒瑞医药'", -27)
("'卫星化学'", -27)
("'金山办公'", -27)
("'立昂微'", -27)
("'金龙鱼'", -27)
("'迈为股份'", -28)
("'包钢股份'", -28)
("'万华化学'", -29)
("'兴发集团'", -29)
("'华泰证券'", -30)
("'森麒麟'", -30)
("'海大集团'", -31)
("'正泰电器'", -31)
("'歌尔股份'", -32)
("'科沃斯'", -32)
("'浙商中拓'", -32)
("'先导智能'", -33)
("'汇川技术'", -33)
("'福能股份'", -33)
("'美锦能源'", -33)
("'利尔化学'", -33)
("'三峡能源'", -34)
("'爱博医疗'", -34)
("'宝钢股份'", -35)
("'晨光股份'", -35)
("'海优新材'", -35)
("'海天精工'", -35)
("'怡亚通'", -35)
("'中国太保'", -36)
("'甬金股份'", -36)
("'国盛金控'", -36)
("'舍得酒业'", -37)
("'景嘉微'", -37)
("'分众传媒'", -38)
("'万业企业'", -38)
("'麦格米特'", -38)
("'雷赛智能'", -38)
("'万润股份'", -39)
("'益丰药房'", -39)
("'松霖科技'", -39)
("'浙江医药'", -40)
("'明阳智能'", -41)
("'华能国际'", -41)
("'中鼎股份'", -41)
("'国科微'", -41)
("'纽威股份'", -41)
("'华中数控'", -41)
("'昌红科技'", -41)
("'苏文电能'", -41)
("'维宏股份'", -41)
("'三一重工'", -42)
("'福莱特'", -42)
("'鲍斯股份'", -42)
("'伟星新材'", -43)
("'海晨股份'", -43)
("'雅创电子'", -43)
("'中国巨石'", -44)
("'荣盛石化'", -44)
("'石头科技'", -44)
("'润达医疗'", -44)
("'滨化股份'", -44)
("'可孚医疗'", -44)
("'铂科新材'", -45)
("'天壕环境'", -45)
("'国药一致'", -45)
("'深圳华强'", -45)
("'浪潮信息'", -46)
("'老板电器'", -46)
("'顺鑫农业'", -46)
("'大亚圣象'", -46)
("'重庆钢铁'", -46)
("'国新健康'", -46)
("'思创医惠'", -46)
("'中航电子'", -47)
("'青农商行'", -47)
("'中红医疗'", -47)
("'正弦电气'", -47)
("'格林精密'", -47)
("'昊华科技'", -48)
("'广信股份'", -48)
("'圣农发展'", -48)
("'龙佰集团'", -48)
("'中盐化工'", -48)
("'鸿达兴业'", -48)
("'中源协和'", -48)
("'基蛋生物'", -48)
("'芯碁微装'", -48)
("'思瑞浦'", -49)
("'天宇股份'", -49)
("'国光电气'", -49)
("'中铁工业'", -49)
("'淳中科技'", -49)
("'闻泰科技'", -50)
("'海通证券'", -50)
("'亿帆医药'", -50)
("'中公教育'", -50)
("'海正药业'", -50)
("'欧比特'", -50)
("'伟星股份'", -52)
("'浦发银行'", -52)
("'卧龙电驱'", -52)
("'江中药业'", -52)
("'中国东航'", -53)
("'启明星辰'", -53)
("'光韵达'", -53)
("'康斯特'", -53)
("'国电南瑞'", -54)
("'柏楚电子'", -54)
("'小康股份'", -54)
("'徐工机械'", -55)
("'长春高新'", -56)
("'鸿远电子'", -57)
("'长江证券'", -57)
("'华安证券'", -57)
("'东方国信'", -57)
("'仙琚制药'", -58)
("'兔宝宝'", -58)
("'中科星图'", -58)
("'掌趣科技'", -58)
("'蔚蓝锂芯'", -59)
("'吉比特'", -59)
("'振德医疗'", -60)
("'恒生电子'", -61)
("'福耀玻璃'", -61)
("'贵研铂业'", -61)
("'金发科技'", -61)
("'东鹏饮料'", -62)
("'金沃股份'", -62)
("'景津装备'", -63)
("'龙蟠科技'", -63)
("'北摩高科'", -63)
("'海利得'", -63)
("'至纯科技'", -63)
("'华西证券'", -63)
("'川发龙蟒'", -63)
("'博俊科技'", -63)
("'江天化学'", -63)
("'庞大集团'", -63)
("'世纪华通'", -64)
("'力帆科技'", -64)
("'新余国科'", -65)
("'韩建河山'", -65)
("'捷安高科'", -65)
("'天味食品'", -66)
("'鸿路钢构'", -67)
("'世纪天鸿'", -67)
("'中国通号'", -68)
("'创业环保'", -68)
("'友讯达'", -68)
("'晋亿实业'", -68)
("'赛轮轮胎'", -69)
("'健友股份'", -69)
("'航发控制'", -69)
("'牧高笛'", -69)
("'开山股份'", -69)
("'津滨发展'", -69)
("'银龙股份'", -69)
("'泰达股份'", -69)
("'南兴股份'", -69)
("'派能科技'", -70)
("'川恒股份'", -70)
("'博汇纸业'", -71)
("'新日股份'", -71)
("'合兴包装'", -71)
("'嘉欣丝绸'", -71)
("'高能环境'", -72)
("'中材科技'", -72)
("'森马服饰'", -72)
("'兴源环境'", -72)
("'华锐精密'", -72)
("'东方精工'", -72)
("'新疆天业'", -72)
("'科顺股份'", -73)
("'东方日升'", -73)
("'三元股份'", -73)
("'浩欧博'", -73)
("'福立旺'", -73)
("'皖仪科技'", -73)
("'厦门银行'", -73)
("'新宙邦'", -74)
("'*ST德新'", -74)
("'中核钛白'", -74)
("'航天电器'", -75)
("'大族激光'", -75)
("'中国中车'", -75)
("'光库科技'", -75)
("'东北证券'", -75)
("'白银有色'", -75)
("'彩虹股份'", -75)
("'惠达卫浴'", -76)
("'诺泰生物'", -76)
("'先河环保'", -76)
("'时代电气'", -77)
("'周大生'", -77)
("'健民集团'", -77)
("'国轩高科'", -78)
("'风语筑'", -78)
("'鄂尔多斯'", -78)
("'远东股份'", -78)
("'华旺科技'", -78)
("'中集集团'", -79)
("'国光股份'", -79)
("'瑞华泰'", -79)
("'海兰信'", -79)
("'汉威科技'", -80)
("'金博股份'", -81)
("'杉杉股份'", -82)
("'宋城演艺'", -82)
("'江苏神通'", -82)
("'新华网'", -82)
("'华海药业'", -83)
("'三角防务'", -83)
("'上海银行'", -83)
("'大华股份'", -84)
("'招商证券'", -85)
("'美亚光电'", -85)
("'金力永磁'", -87)
("'英维克'", -87)
("'上海建工'", -87)
("'拱东医疗'", -87)
("'北新建材'", -88)
("'金禾实业'", -89)
("'朗新科技'", -89)
("'珀莱雅'", -89)
("'火炬电子'", -90)
("'金杯电工'", -90)
("'南山铝业'", -91)
("'潍柴动力'", -92)
("'霍莱沃'", -92)
("'攀钢钒钛'", -92)
("'安宁股份'", -92)
("'坚朗五金'", -93)
("'贝达药业'", -93)
("'蓝色光标'", -93)
("'埃斯顿'", -93)
("'航亚科技'", -93)
("'风光股份'", -94)
("'中国船舶'", -95)
("'中国广核'", -95)
("'华东医药'", -96)
("'中金黄金'", -96)
("'人民同泰'", -96)
("'普利制药'", -97)
("'开立医疗'", -97)
("'光明乳业'", -97)
("'芯朋微'", -98)
("'养元饮品'", -98)
("'中国人保'", -98)
("'京运通'", -98)
("'吉祥航空'", -99)
("'安路科技'", -99)
("'爱普股份'", -99)
("'古越龙山'", -99)
("'片仔癀'", -100)
("'江海股份'", -100)
("'顺丰控股'", -101)
("'唯赛勃'", -101)
("'加加食品'", -101)
("'广宇发展'", -102)
("'蓝晓科技'", -102)
("'麦捷科技'", -103)
("'香山股份'", -103)
("'新强联'", -104)
("'太平鸟'", -104)
("'宝钛股份'", -105)
("'苏博特'", -106)
("'万达电影'", -106)
("'珠江钢琴'", -106)
("'宁波韵升'", -108)
("'华利集团'", -109)
("'中文在线'", -109)
("'大金重工'", -110)
("'三六零'", -110)
("'中航电测'", -112)
("'旗滨集团'", -113)
("'格林美'", -113)
("'理邦仪器'", -113)
("'三安光电'", -114)
("'华域汽车'", -114)
("'光环新网'", -114)
("'特一药业'", -114)
("'凯因科技'", -114)
("'海天股份'", -114)
("'长龄液压'", -114)
("'同力日升'", -114)
("'红旗连锁'", -114)
("'东诚药业'", -115)
("'中兴通讯'", -116)
("'海容冷链'", -116)
("'中国重工'", -116)
("'景旺电子'", -117)
("'华测导航'", -117)
("'宁沪高速'", -117)
("'航天彩虹'", -117)
("'信隆健康'", -117)
("'先达股份'", -117)
("'长虹能源'", -117)
("'大立科技'", -117)
("'东方证券'", -118)
("'富安娜'", -118)
("'云南锗业'", -118)
("'利欧股份'", -118)
("'富瀚微'", -119)
("'桃李面包'", -119)
("'吉林敖东'", -119)
("'健康元'", -119)
("'诺唯赞'", -120)
("'阳谷华泰'", -120)
("'海亮股份'", -121)
("'孚能科技'", -121)
("'华林证券'", -121)
("'天茂集团'", -121)
("'易华录'", -121)
("'联创电子'", -122)
("'皇马科技'", -122)
("'国信证券'", -122)
("'羚锐制药'", -122)
("'国网英大'", -122)
("'久吾高科'", -122)
("'华依科技'", -123)
("'君正集团'", -123)
("'熊猫乳品'", -123)
("'广联航空'", -123)
("'狄耐克'", -123)
("'兆龙互连'", -123)
("'诺德股份'", -124)
("'嘉必优'", -124)
("'三峰环境'", -124)
("'万和电气'", -124)
("'深赛格'", -124)
("'富奥股份'", -124)
("'联络互动'", -124)
("'人福医药'", -125)
("'智洋创新'", -125)
("'昀冢科技'", -125)
("'雅克科技'", -126)
("'力合微'", -126)
("'运达科技'", -126)
("'迎驾贡酒'", -127)
("'康希诺'", -127)
("'上港集团'", -127)
("'钢研高纳'", -128)
("'敏芯股份'", -128)
("'中船科技'", -128)
("'奥飞数据'", -129)
("'华峰化学'", -130)
("'安恒信息'", -132)
("'中金公司'", -132)
("'旗天科技'", -132)
("'蓝焰控股'", -132)
("'深信服'", -133)
("'新泉股份'", -133)
("'光弘科技'", -133)
("'古井贡酒'", -134)
("'新宝股份'", -134)
("'天孚通信'", -134)
("'捷佳伟创'", -134)
("'交控科技'", -134)
("'三钢闽光'", -134)
("'新经典'", -134)
("'西部矿业'", -135)
("'三花智控'", -137)
("'山东赫达'", -138)
("'洪都航空'", -138)
("'天宜上佳'", -139)
("'传音控股'", -140)
("'浙江鼎力'", -140)
("'浙能电力'", -142)
("'华贸物流'", -143)
("'中直股份'", -145)
("'中文传媒'", -145)
("'西菱动力'", -147)
("'维力医疗'", -147)
("'精达股份'", -148)
("'小熊电器'", -149)
("'百润股份'", -150)
("'三星医疗'", -151)
("'震安科技'", -151)
("'联赢激光'", -152)
("'运达股份'", -152)
("'凯盛科技'", -153)
("'重庆啤酒'", -154)
("'中钨高新'", -154)
("'仙鹤股份'", -154)
("'抚顺特钢'", -155)
("'用友网络'", -157)
("'云南白药'", -159)
("'奥士康'", -159)
("'正帆科技'", -159)
("'创业慧康'", -160)
("'盈趣科技'", -160)
("'键凯科技'", -160)
("'中航机电'", -161)
("'星宇股份'", -161)
("'中际旭创'", -161)
("'东方明珠'", -161)
("'生益科技'", -162)
("'长安汽车'", -162)
("'中密控股'", -164)
("'东富龙'", -165)
("'光威复材'", -166)
("'东山精密'", -167)
("'国力股份'", -167)
("'杭可科技'", -168)
("'中泰化学'", -168)
("'卫宁健康'", -169)
("'春秋航空'", -170)
("'佰仁医疗'", -170)
("'集友股份'", -171)
("'雷电微力'", -172)
("'鼎通科技'", -174)
("'恒立液压'", -175)
("'碧水源'", -175)
("'劲拓股份'", -176)
("'北京君正'", -177)
("'玲珑轮胎'", -178)
("'海澜之家'", -178)
("'石基信息'", -180)
("'上海电力'", -180)
("'三环集团'", -182)
("'长川科技'", -182)
("'捷捷微电'", -182)
("'厦门钨业'", -182)
("'骆驼股份'", -183)
("'三美股份'", -184)
("'安科瑞'", -185)
("'欣旺达'", -186)
("'天顺风能'", -187)
("'鼎捷软件'", -187)
("'浙江自然'", -188)
("'玉禾田'", -188)
("'科威尔'", -188)
("'昆药集团'", -189)
("'安克创新'", -190)
("'四川长虹'", -190)
("'东方时尚'", -191)
("'安琪酵母'", -192)
("'斯迪克'", -192)
("'鹏鼎控股'", -193)
("'映翰通'", -193)
("'瑞芯微'", -194)
("'兴齐眼药'", -194)
("'海信视像'", -194)
("'岱美股份'", -194)
("'三诺生物'", -194)
("'宝通科技'", -194)
("'思源电气'", -195)
("'东阿阿胶'", -197)
("'中航高科'", -198)
("'国投电力'", -198)
("'润邦股份'", -198)
("'安迪苏'", -198)
("'兴业证券'", -199)
("'威孚高科'", -199)
("'东珠生态'", -200)
("'九强生物'", -200)
("'报喜鸟'", -201)
("'宏发股份'", -202)
("'卓胜微'", -202)
("'兆日科技'", -202)
("'常熟汽饰'", -203)
("'中国电影'", -203)
("'三棵树'", -204)
("'新大正'", -205)
("'文灿股份'", -205)
("'高德红外'", -208)
("'科伦药业'", -208)
("'南玻A'", -210)
("'新凤鸣'", -210)
("'海信家电'", -211)
("'平治信息'", -211)
("'绝味食品'", -212)
("'方大炭素'", -213)
("'晶瑞电材'", -213)
("'浙文互联'", -215)
("'中国电信'", -217)
("'浙商证券'", -217)
("'金域医学'", -218)
("'泛微网络'", -218)
("'中国核建'", -218)
("'义翘神州'", -218)
("'日月股份'", -220)
("'博雅生物'", -220)
("'致远互联'", -222)
("'华北制药'", -222)
("'台华新材'", -223)
("'林洋能源'", -223)
("'和而泰'", -224)
("'水井坊'", -227)
("'深南电路'", -228)
("'华特气体'", -228)
("'芒果超媒'", -232)
("'天通股份'", -232)
("'汇洁股份'", -233)
("'兴森科技'", -235)
("'极米科技'", -235)
("'金能科技'", -236)
("'赛意信息'", -238)
("'中国西电'", -238)
("'老百姓'", -239)
("'光大证券'", -239)
("'完美世界'", -240)
("'亨迪药业'", -241)
("'香飘飘'", -241)
("'裕同科技'", -242)
("'家家悦'", -242)
("'精研科技'", -243)
("'艾华集团'", -244)
("'苏奥传感'", -244)
("'冰轮环境'", -244)
("'南微医学'", -245)
("'博拓生物'", -245)
("'快克股份'", -245)
("'亿华通'", -247)
("'元祖股份'", -250)
("'旭升股份'", -250)
("'安利股份'", -251)
("'千金药业'", -251)
("'诺普信'", -252)
("'欧普康视'", -253)
("'寒武纪'", -253)
("'太钢不锈'", -254)
("'昆仑万维'", -255)
("'宝泰隆'", -258)
("'巨星科技'", -261)
("'大参林'", -261)
("'苏大维格'", -261)
("'广汇汽车'", -261)
("'桂林三金'", -262)
("'恒玄科技'", -263)
("'金风科技'", -263)
("'应流股份'", -263)
("'海利尔'", -263)
("'百克生物'", -263)
("'闰土股份'", -263)
("'航宇科技'", -265)
("'鱼跃医疗'", -268)
("'亿田智能'", -269)
("'亚厦股份'", -269)
("'杰普特'", -269)
("'五洲特纸'", -270)
("'稳健医疗'", -270)
("'广誉远'", -270)
("'禾望电气'", -272)
("'长信科技'", -274)
("'春风动力'", -274)
("'亚威股份'", -274)
("'兴蓉环境'", -275)
("'八方股份'", -275)
("'神马股份'", -277)
("'海源复材'", -277)
("'中炬高新'", -279)
("'东方铁塔'", -279)
("'龙软科技'", -279)
("'康弘药业'", -279)
("'中际联合'", -280)
("'电气风电'", -281)
("'顺络电子'", -282)
("'许继电气'", -282)
("'九阳股份'", -282)
("'长城汽车'", -285)
("'招标股份'", -285)
("'烽火通信'", -288)
("'盾安环境'", -293)
("'炬华科技'", -293)
("'宏达电子'", -294)
("'新北洋'", -294)
("'陕鼓动力'", -295)
("'仙坛股份'", -296)
("'百济神州'", -297)
("'浙数文化'", -297)
("'九典制药'", -298)
("'崧盛股份'", -298)
("'好想你'", -298)
("'均胜电子'", -299)
("'盛和资源'", -300)
("'艾可蓝'", -300)
("'未来股份'", -302)
("'中国动力'", -302)
("'鲁阳节能'", -304)
("'生物股份'", -304)
("'长鹰信质'", -304)
("'凯赛生物'", -305)
("'精测电子'", -306)
("'鲁商发展'", -306)
("'一心堂'", -310)
("'川能动力'", -312)
("'华联控股'", -312)
("'思进智能'", -313)
("'九号公司'", -315)
("'喜临门'", -316)
("'铜峰电子'", -316)
("'奥福环保'", -316)
("'宏川智慧'", -318)
("'泰林生物'", -319)
("'山东钢铁'", -321)
("'正海磁材'", -321)
("'睿创微纳'", -323)
("'华阳集团'", -325)
("'春光科技'", -326)
("'中国能建'", -328)
("'恺英网络'", -328)
("'河钢股份'", -330)
("'永冠新材'", -331)
("'锐科激光'", -332)
("'千禾味业'", -334)
("'亚泰集团'", -336)
("'双箭股份'", -336)
("'圣泉集团'", -337)
("'西藏珠峰'", -338)
("'达安基因'", -340)
("'国网信通'", -341)
("'东方电子'", -342)
("'四方股份'", -343)
("'海立股份'", -343)
("'华致酒行'", -344)
("'湘电股份'", -344)
("'广电计量'", -344)
("'惠泰医疗'", -352)
("'燕京啤酒'", -352)
("'金钟股份'", -352)
("'尚品宅配'", -355)
("'同花顺'", -356)
("'芯原股份'", -356)
("'良信股份'", -357)
("'佳都科技'", -357)
("'威博液压'", -358)
("'洁特生物'", -359)
("'宇通客车'", -360)
("'伟明环保'", -364)
("'金雷股份'", -364)
("'金宏气体'", -367)
("'欧陆通'", -367)
("'阳光照明'", -368)
("'建龙微纳'", -371)
("'弘亚数控'", -375)
("'上海沪工'", -376)
("'威高骨科'", -377)
("'日发精机'", -377)
("'美年健康'", -379)
("'洲明科技'", -379)
("'久祺股份'", -380)
("'东材科技'", -381)
("'东方盛虹'", -382)
("'乐惠国际'", -382)
("'日辰股份'", -382)
("'华策影视'", -383)
("'新华制药'", -385)
("'爱施德'", -385)
("'银轮股份'", -386)
("'浙江交科'", -392)
("'中国外运'", -394)
("'风华高科'", -396)
("'欣锐科技'", -397)
("'三利谱'", -401)
("'中泰证券'", -402)
("'南极电商'", -402)
("'金钼股份'", -403)
("'楚天科技'", -404)
("'甘源食品'", -405)
("'国投资本'", -409)
("'湘佳股份'", -410)
("'马应龙'", -410)
("'奥海科技'", -410)
("'当虹科技'", -413)
("'虹软科技'", -414)
("'横店东磁'", -415)
("'拉卡拉'", -416)
("'卓然股份'", -417)
("'星帅尔'", -419)
("'节能风电'", -419)
("'中天火箭'", -420)
("'长阳科技'", -422)
("'乐鑫科技'", -424)
("'北汽蓝谷'", -424)
("'方正证券'", -425)
("'光峰科技'", -427)
("'崇达技术'", -430)
("'中科三环'", -431)
("'英杰电气'", -433)
("'天润工业'", -433)
("'江苏新能'", -439)
("'光线传媒'", -440)
("'泰晶科技'", -441)
("'老白干酒'", -443)
("'海利生物'", -443)
("'隆华科技'", -444)
("'纽威数控'", -446)
("'数码视讯'", -447)
("'迪安诊断'", -448)
("'文山电力'", -449)
("'重庆百货'", -452)
("'新媒股份'", -460)
("'厦钨新能'", -461)
("'仁和药业'", -462)
("'山东药玻'", -467)
("'我武生物'", -471)
("'建设机械'", -472)
("'金洲管道'", -473)
("'湘油泵'", -477)
("'合盛硅业'", -479)
("'万兴科技'", -479)
("'中瓷电子'", -486)
("'中信博'", -488)
("'鸿利智汇'", -489)
("'恒润股份'", -491)
("'宏华数科'", -492)
("'首创环保'", -493)
("'明志科技'", -494)
("'长电科技'", -496)
("'亚星锚链'", -497)
("'爱柯迪'", -499)
("'华工科技'", -500)
("'四方科技'", -505)
("'华正新材'", -507)
("'科达制造'", -508)
("'金证股份'", -508)
("'帅丰电器'", -510)
("'威尔药业'", -517)
("'容知日新'", -518)
("'上海瀚讯'", -521)
("'广深铁路'", -528)
("'数字政通'", -533)
("'志特新材'", -538)
("'华电国际'", -542)
("'富临精工'", -543)
("'芳源股份'", -543)
("'世运电路'", -544)
("'山鹰国际'", -544)
("'怡合达'", -549)
("'中望软件'", -551)
("'北部湾港'", -551)
("'瑞丰新材'", -553)
("'水晶光电'", -558)
("'威海广泰'", -558)
("'中体产业'", -558)
("'楚江新材'", -561)
("'长盈精密'", -561)
("'卓锦股份'", -561)
("'泰慕士'", -562)
("'润阳科技'", -566)
("'艾德生物'", -569)
("'万讯自控'", -569)
("'横店影视'", -577)
("'华仁药业'", -578)
("'中宠股份'", -583)
("'山东威达'", -587)
("'恒实科技'", -590)
("'凯盛新材'", -594)
("'洁美科技'", -596)
("'三友医疗'", -596)
("'东方电气'", -600)
("'宇瞳光学'", -602)
("'双星新材'", -603)
("'紫江企业'", -603)
("'华峰铝业'", -604)
("'九丰能源'", -606)
("'西子洁能'", -607)
("'继峰股份'", -610)
("'地素时尚'", -610)
("'永太科技'", -611)
("'华阳国际'", -612)
("'嘉事堂'", -617)
("'江淮汽车'", -618)
("'隆利科技'", -618)
("'中自科技'", -623)
("'辉隆股份'", -623)
("'盈峰环境'", -628)
("'力合科技'", -636)
("'长盛轴承'", -646)
("'中再资环'", -648)
("'道通科技'", -653)
("'德赛电池'", -658)
("'安科生物'", -658)
("'绿的谐波'", -660)
("'诺禾致源'", -667)
("'振芯科技'", -670)
("'光力科技'", -676)
("'华数传媒'", -676)
("'瑞普生物'", -677)
("'华宏科技'", -684)
("'博瑞医药'", -686)
("'久远银海'", -695)
("'拓邦股份'", -696)
("'新产业'", -703)
("'信立泰'", -705)
("'晶科科技'", -717)
("'海星股份'", -717)
("'博敏电子'", -718)
("'柯力传感'", -720)
("'汉钟精机'", -722)
("'汇顶科技'", -728)
("'泰坦科技'", -728)
("'共达电声'", -730)
("'锋尚文化'", -733)
("'中国重汽'", -736)
("'中国国贸'", -738)
("'利君股份'", -747)
("'中科通达'", -751)
("'长城证券'", -764)
("'弘信电子'", -766)
("'鼎阳科技'", -768)
("'陕西建工'", -768)
("'三聚环保'", -768)
("'华锦股份'", -774)
("'电连技术'", -775)
("'芯海科技'", -775)
("'兆威机电'", -776)
("'内蒙新华'", -780)
("'宝钢包装'", -783)
("'伟思医疗'", -798)
("'天融信'", -801)
("'回天新材'", -813)
("'长城科技'", -822)
("'悦安新材'", -842)
("'和达科技'", -851)
("'航天发展'", -855)
("'梦百合'", -855)
("'明新旭腾'", -858)
("'国金证券'", -862)
("'捷昌驱动'", -868)
("'永安期货'", -868)
("'大洋电机'", -877)
("'广大特材'", -878)
("'东华能源'", -881)
("'时代新材'", -899)
("'川仪股份'", -911)
("'中信建投'", -916)
("'迪普科技'", -923)
("'龙元建设'", -925)
("'沧州明珠'", -926)
("'力星股份'", -953)
("'蓝思科技'", -959)
("'千味央厨'", -1010)
("'广和通'", -1012)
("'航发科技'", -1012)
("'亚太股份'", -1013)
("'潮宏基'", -1018)
("'振江股份'", -1020)
("'科华数据'", -1023)
("'煜邦电力'", -1051)
("'中国宝安'", -1066)
("'三全食品'", -1077)
("'科博达'", -1087)
("'科思股份'", -1089)
("'浙富控股'", -1130)
("'立高食品'", -1140)
("'妙可蓝多'", -1173)
("'晶丰明源'", -1181)
("'华伍股份'", -1198)
("'中孚信息'", -1341)
